<?xml version="1.0" encoding="utf-8"?><testsuites name="pytest tests"><testsuite name="pytest" errors="0" failures="0" skipped="0" tests="63" time="0.122" timestamp="2026-07-29T19:11:20.973915+09:00" hostname="hirotomoonoMac-mini.local"><testcase classname="tests.unit.test_trade_event_store" name="test_append_and_read_all" time="0.002" /><testcase classname="tests.unit.test_trade_event_store" name="test_events_are_append_only" time="0.001" /><testcase classname="tests.unit.test_trade_event_store" name="test_pnl_tracker_emits_trade_opened_event" time="0.001" /><testcase classname="tests.unit.test_trade_event_store" name="test_pnl_tracker_emits_trade_closed_event" time="0.001" /><testcase classname="tests.unit.test_trade_event_store" name="test_empty_store_returns_empty_list" time="0.000" /><testcase classname="tests.unit.test_entry_signal_strength.TestRecordSubmissionESS" name="test_signal_strength_stored_in_trade" time="0.001" /><testcase classname="tests.unit.test_entry_signal_strength.TestRecordSubmissionESS" name="test_signal_strength_none_stores_none" time="0.001" /><testcase classname="tests.unit.test_entry_signal_strength.TestRecordSubmissionESS" name="test_signal_strength_zero_stored" time="0.001" /><testcase classname="tests.unit.test_entry_signal_strength.TestRecordSubmissionESS" name="test_signal_strength_rounded_to_4dp" time="0.001" /><testcase classname="tests.unit.test_entry_signal_strength.TestTradeOpenedEventPayload" name="test_event_payload_has_signal_strength" time="0.001" /><testcase classname="tests.unit.test_entry_signal_strength.TestTradeOpenedEventPayload" name="test_event_payload_signal_strength_none_when_not_provided" time="0.001" /><testcase classname="tests.unit.test_entry_signal_strength.TestTradeOpenedEventPayload" name="test_event_includes_existing_fields" time="0.001" /><testcase classname="tests.unit.test_entry_signal_strength.TestMergeESSFromTradeEvents" name="test_reads_signal_strength_from_events" time="0.043" /><testcase classname="tests.unit.test_entry_signal_strength.TestMergeESSFromTradeEvents" name="test_existing_dict_takes_priority" time="0.000" /><testcase classname="tests.unit.test_entry_signal_strength.TestMergeESSFromTradeEvents" name="test_none_signal_strength_skipped" time="0.000" /><testcase classname="tests.unit.test_entry_signal_strength.TestMergeESSFromTradeEvents" name="test_non_trade_opened_events_ignored" time="0.000" /><testcase classname="tests.unit.test_entry_signal_strength.TestMergeESSFromTradeEvents" name="test_missing_events_file_returns_existing" time="0.000" /><testcase classname="tests.unit.test_entry_signal_strength.TestMergeESSFromTradeEvents" name="test_malformed_lines_skipped" time="0.000" /><testcase classname="tests.unit.test_entry_signal_strength.TestBackfillESS" name="test_decision_file_lookup_via_trade_id" time="0.001" /><testcase classname="tests.unit.test_entry_signal_strength.TestBackfillESS" name="test_no_match_returns_empty" time="0.000" /><testcase classname="tests.unit.test_entry_signal_strength.TestBackfillESS" name="test_events_payload_ess_priority_over_decision_file" time="0.001" /><testcase classname="tests.unit.test_runtime" name="test_read_runtime_mode_paper" time="0.001" /><testcase classname="tests.unit.test_runtime" name="test_read_runtime_mode_research" time="0.001" /><testcase classname="tests.unit.test_runtime" name="test_read_runtime_mode_missing_raises" time="0.000" /><testcase classname="tests.unit.test_runtime" name="test_read_ledger_quality_gate_returns_correct_status" time="0.001" /><testcase classname="tests.unit.test_runtime" name="test_read_ledger_quality_gate_valid_status" time="0.001" /><testcase classname="tests.unit.test_runtime" name="test_read_ledger_quality_gate_missing_key_returns_fallback" time="0.001" /><testcase classname="tests.unit.test_runtime" name="test_read_ledger_quality_gate_missing_file_returns_fallback" time="0.000" /><testcase classname="tests.unit.test_runtime" name="test_read_ledger_quality_gate_corrupted_yaml_returns_fallback" time="0.001" /><testcase classname="tests.unit.test_runtime" name="test_read_circuit_breaker_config_returns_require_flag" time="0.001" /><testcase classname="tests.unit.test_runtime" name="test_read_circuit_breaker_config_false" time="0.001" /><testcase classname="tests.unit.test_runtime" name="test_read_circuit_breaker_config_missing_key_returns_safe_default" time="0.000" /><testcase classname="tests.unit.test_runtime" name="test_read_circuit_breaker_config_missing_file_returns_safe_default" time="0.000" /><testcase classname="tests.unit.test_h5_allocation_unification.TestReadAllocationConfig" name="test_reads_from_yaml" time="0.001" /><testcase classname="tests.unit.test_h5_allocation_unification.TestReadAllocationConfig" name="test_missing_file_returns_failclosed_defaults" time="0.000" /><testcase classname="tests.unit.test_h5_allocation_unification.TestReadAllocationConfig" name="test_broken_yaml_returns_defaults" time="0.000" /><testcase classname="tests.unit.test_h5_allocation_unification.TestReadSymbolRegistry" name="test_parses_etf_and_stock" time="0.001" /><testcase classname="tests.unit.test_h5_allocation_unification.TestReadSymbolRegistry" name="test_missing_file_returns_empty_dict" time="0.000" /><testcase classname="tests.unit.test_h5_allocation_unification.TestReadSymbolRegistry" name="test_get_etf_symbols_from_registry" time="0.000" /><testcase classname="tests.unit.test_h5_allocation_unification.TestClassifySymbol" name="test_etf_returns_etf" time="0.000" /><testcase classname="tests.unit.test_h5_allocation_unification.TestClassifySymbol" name="test_stock_returns_stock" time="0.000" /><testcase classname="tests.unit.test_h5_allocation_unification.TestClassifySymbol" name="test_unknown_symbol_returns_unknown" time="0.000" /><testcase classname="tests.unit.test_h5_allocation_unification.TestUnknownSymbolIsBlocked" name="test_unknown_symbol_buy_is_blocked" time="0.000" /><testcase classname="tests.unit.test_h5_allocation_unification.TestUnknownSymbolIsBlocked" name="test_registered_symbol_buy_passes" time="0.000" /><testcase classname="tests.unit.test_h5_allocation_unification.TestUnknownSymbolIsBlocked" name="test_sell_decision_passes_regardless" time="0.000" /><testcase classname="tests.unit.test_h5_allocation_unification.TestHistoricalAssetClassBackfillIsIdempotent" name="test_classify_is_idempotent" time="0.000" /><testcase classname="tests.unit.test_h5_allocation_unification.TestHistoricalAssetClassBackfillIsIdempotent" name="test_etf_symbols_set_is_idempotent" time="0.000" /><testcase classname="tests.unit.test_h5_allocation_unification.TestStock85Etf15IsSinglePolicySource" name="test_allocator_and_sizing_share_same_config" time="0.000" /><testcase classname="tests.unit.test_h5_allocation_unification.TestStock85Etf15IsSinglePolicySource" name="test_allocation_status_shows_correct_targets" time="0.000" /><testcase classname="tests.unit.test_h5_allocation_unification.TestTargetBandBlocksProjectedOverweight" name="test_etf_buy_blocked_when_projected_exceeds_band_max" time="0.000" /><testcase classname="tests.unit.test_h5_allocation_unification.TestTargetBandBlocksProjectedOverweight" name="test_etf_buy_allowed_within_band" time="0.000" /><testcase classname="tests.unit.test_h5_allocation_unification.TestTargetBandBlocksProjectedOverweight" name="test_stock_buy_blocked_when_projected_exceeds_stock_band_max" time="0.000" /><testcase classname="tests.unit.test_h5_allocation_unification.TestTargetBandBlocksProjectedOverweight" name="test_filter_blocks_overweight_etf_in_full_pipeline" time="0.000" /><testcase classname="tests.unit.test_h5_allocation_unification.TestTargetBandBlocksProjectedOverweight" name="test_projected_check_disabled_always_allows" time="0.000" /><testcase classname="tests.unit.test_h5_allocation_unification.TestStockMultiplierChangesFinalQty" name="test_stock_multiplier_reduces_final_shares" time="0.000" /><testcase classname="tests.unit.test_h5_allocation_unification.TestStockMultiplierChangesFinalQty" name="test_etf_multiplier_one_leaves_qty_unchanged" time="0.000" /><testcase classname="tests.unit.test_h5_allocation_unification.TestStockMultiplierChangesFinalQty" name="test_stock_multiplier_half_halves_qty" time="0.000" /><testcase classname="tests.unit.test_h5_allocation_unification.TestStockMultiplierChangesFinalQty" name="test_without_alloc_config_falls_back_to_legacy_multiplier" time="0.000" /><testcase classname="tests.unit.test_h5_allocation_unification.TestCorrelatedPositionsShareClusterCap" name="test_sector_cap_from_yaml_applied_in_sizing" time="0.000" /><testcase classname="tests.unit.test_h5_allocation_unification.TestCorrelatedPositionsShareClusterCap" name="test_correlated_cluster_cap_in_config" time="0.001" /><testcase classname="tests.unit.test_h5_allocation_unification.TestLayerPropagation" name="test_allocation_config_to_allocator_propagation" time="0.001" /><testcase classname="tests.unit.test_h5_allocation_unification.TestLayerPropagation" name="test_allocation_config_to_sizing_propagation" time="0.001" /><testcase classname="tests.unit.test_h5_allocation_unification.TestLayerPropagation" name="test_allocation_status_same_denominator_as_projected_check" time="0.000" /></testsuite></testsuites>