<?xml version="1.0" encoding="utf-8"?><testsuites name="pytest tests"><testsuite name="pytest" errors="0" failures="0" skipped="0" tests="24" time="0.237" timestamp="2026-07-29T19:09:20.664961+09:00" hostname="hirotomoonoMac-mini.local"><testcase classname="tests.integration.test_broker_integration" name="test_broker_retry_on_connection_error" time="0.013" /><testcase classname="tests.integration.test_broker_integration" name="test_broker_fails_after_max_retries" time="0.026" /><testcase classname="tests.integration.test_broker_integration" name="test_broker_multiple_endpoint_calls" time="0.000" /><testcase classname="tests.integration.test_finnhub_integration" name="test_finnhub_retry_on_connection_error" time="0.013" /><testcase classname="tests.integration.test_finnhub_integration" name="test_finnhub_fails_after_max_retries" time="0.025" /><testcase classname="tests.integration.test_finnhub_integration" name="test_finnhub_multiple_endpoint_calls" time="0.002" /><testcase classname="tests.integration.test_fred_integration" name="test_fred_retry_on_connection_error" time="0.013" /><testcase classname="tests.integration.test_fred_integration" name="test_fred_fails_after_max_retries" time="0.025" /><testcase classname="tests.integration.test_fred_integration" name="test_fred_multiple_series_calls" time="0.001" /><testcase classname="tests.integration.test_ingestion_integration" name="test_finnhub_ingestion_end_to_end" time="0.002" /><testcase classname="tests.integration.test_ingestion_integration" name="test_fred_ingestion_end_to_end" time="0.001" /><testcase classname="tests.integration.test_ingestion_integration" name="test_sec_ingestion_end_to_end" time="0.001" /><testcase classname="tests.integration.test_ingestion_integration" name="test_broker_ingestion_end_to_end" time="0.001" /><testcase classname="tests.integration.test_ingestion_integration" name="test_multiple_source_ingestion" time="0.001" /><testcase classname="tests.integration.test_recommendation_workflow" name="test_end_to_end_recommendation_workflow" time="0.001" /><testcase classname="tests.integration.test_recommendation_workflow" name="test_safe_range_enforcement_in_workflow" time="0.000" /><testcase classname="tests.integration.test_recommendation_workflow" name="test_no_config_modification_in_workflow" time="0.000" /><testcase classname="tests.integration.test_recommendation_workflow" name="test_audit_trail_in_workflow" time="0.000" /><testcase classname="tests.integration.test_sec_integration" name="test_sec_retry_on_connection_error" time="0.013" /><testcase classname="tests.integration.test_sec_integration" name="test_sec_fails_after_max_retries" time="0.026" /><testcase classname="tests.integration.test_sec_integration" name="test_sec_multiple_company_calls" time="0.001" /><testcase classname="tests.integration.test_storage_integration" name="test_raw_to_normalized_flow" time="0.001" /><testcase classname="tests.integration.test_storage_integration" name="test_signal_to_decision_flow" time="0.001" /><testcase classname="tests.integration.test_storage_integration" name="test_audit_trail_storage" time="0.001" /></testsuite></testsuites>