........................................................................ [  6%]
........................................................................ [ 12%]
........................................................................ [ 19%]
........................................................................ [ 25%]
........................................................................ [ 32%]
........................................................................ [ 38%]
........................................................................ [ 45%]
........................................................................ [ 51%]
........................................................................ [ 57%]
...........................s...............s............................ [ 64%]
........................................................................ [ 70%]
........................................................................ [ 77%]
........................................................................ [ 83%]
........................................................................ [ 90%]
........................................................................ [ 96%]
........................................                                 [100%]
=============================== warnings summary ===============================
tests/unit/test_source_base.py:14
  /Users/hirotomookawasaki/stock_swing/tests/unit/test_source_base.py:14: PytestCollectionWarning: cannot collect test class 'TestSourceClient' because it has a __init__ constructor (from: tests/unit/test_source_base.py)
    class TestSourceClient(SourceClient):

-- Docs: https://docs.pytest.org/en/stable/how-to/capture-warnings.html
================================ tests coverage ================================
______________ coverage: platform darwin, python 3.13.10-final-0 _______________

Name                                                            Stmts   Miss Branch BrPart  Cover   Missing
-----------------------------------------------------------------------------------------------------------
console/adapters/cron_adapter.py                                   79     67     26      0    11%   18-50, 54-63, 66-100, 104-116
console/adapters/data_adapter.py                                   39     24     14      1    34%   24, 30-64
console/adapters/system_adapter.py                                 41     30     18      0    19%   18-44, 48-55, 59-69
console/app.py                                                    402    402    132      0     0%   8-555
console/remote_readonly_app.py                                    348    210    112     14    36%   43-44, 52-60, 65, 71, 89, 99-101, 113, 129, 132-133, 137-140, 147, 162, 167-169, 173-190, 209-233, 286->291, 288-289, 296, 298-300, 325-377, 392-429, 462, 479, 482-489, 492-493, 496, 505-508, 511-583, 586, 589, 592, 596-613, 617
console/services/benchmark_service.py                             192     85     94     14    48%   19, 26-27, 37->35, 52, 118, 135->131, 150, 191, 199->197, 206, 237-241, 251, 253, 256-259, 265-272, 278-283, 296-346, 362-397
console/services/console_self_check_service.py                     31      0     12      1    98%   67->63
console/services/dashboard_service.py                            2327   1433    876    101    36%   26-30, 57, 89, 91-92, 105, 107-109, 116, 121, 124-125, 148-150, 154-174, 203-247, 251-388, 398-409, 424-427, 435-438, 446, 454, 466->463, 469-470, 474-475, 480->477, 484->477, 489->491, 493->508, 501->496, 525-526, 559-594, 606, 621, 665, 681-682, 686-706, 749->819, 752, 760->765, 762->765, 770-771, 778-779, 830-842, 853-883, 895-907, 911-983, 1049-1050, 1114->1107, 1164-1184, 1196-1266, 1293-1346, 1365-1383, 1386-1438, 1451-1532, 1552, 1568->1578, 1578->1588, 1589, 1600, 1610, 1621, 1632, 1642->1652, 1678, 1691-1722, 1725-1757, 1762, 1780-1781, 1817->1829, 1821->1817, 1824-1827, 1843-1844, 1848, 1849->1851, 1882-1912, 1922->1926, 1951, 1954-1955, 2025, 2030->2027, 2032-2034, 2039, 2041, 2047, 2058, 2062, 2063->2055, 2066-2067, 2070-2116, 2125, 2129->2133, 2131-2132, 2144, 2148->2152, 2150-2151, 2163, 2167->2171, 2169-2170, 2179, 2183, 2186, 2191-2193, 2197-2199, 2203-2207, 2209, 2211, 2213, 2218-2253, 2257->2259, 2264-2265, 2268, 2275->2273, 2285-2376, 2379-2451, 2454-2461, 2464-2490, 2498-2507, 2510-2522, 2525-2526, 2529-2530, 2533-2554, 2565-2597, 2605-2647, 2650, 2662-2701, 2704-2724, 2727-2731, 2734-2740, 2743-2749, 2752-2758, 2766-2792, 2811, 2822->2825, 2830, 2833, 2836-2837, 2841-2870, 2883, 2902, 2905-2914, 2925-2936, 2949, 2959-2960, 2966, 2973->2975, 2976-2978, 2984, 2996-3001, 3006, 3020->3015, 3029, 3056, 3063->3059, 3069->3072, 3082, 3115-3116, 3128-3272, 3280-3347, 3351-3474, 3482-3560, 3589-3592, 3594->3602, 3621, 3623->3625, 3629-3630, 3633, 3638, 3658, 3664, 3693, 3695, 3703-3711, 3723-3761, 3782-3810
console/services/dashboard_service_patch.py                        20     20      2      0     0%   3-27
console/services/guardrail_service.py                              89     34     20      4    58%   21-31, 42-43, 67-68, 73-85, 97-106, 129, 158
console/services/parameter_service.py                              91     91     42      0     0%   2-233
console/services/performance_breakdown_service.py                  81      6     30      3    92%   74-75, 78-79, 93-94, 104->106, 106->109, 109->114
console/services/position_risk_service.py                         101     25     40      6    71%   33-41, 53, 57, 75-76, 86-87, 92-107, 139->142, 151, 159->162
console/services/summary_service.py                               355     81    152     37    72%   16->exit, 19, 45-47, 87-88, 98, 109, 122->133, 138->145, 141, 146-154, 159-165, 179-182, 192->214, 204-205, 216->233, 221->233, 229-230, 235->247, 237->247, 264->270, 266->270, 268->270, 271, 273, 289-290, 308->327, 317-318, 328->390, 336, 341, 375, 379, 382->386, 387-388, 403-404, 445-446, 457, 466, 471-474, 479-500, 516-517, 525, 548->538, 550-551, 559, 570-571, 701-702, 714, 717, 722-723
console/utils/time_utils.py                                         8      3      2      0    50%   14-16
console/websocket_server.py                                        55     55      8      0     0%   4-122
src/stock_swing/analysis/__init__.py                                3      3      0      0     0%   3-6
src/stock_swing/analysis/baseline_metrics.py                      234    234     72      0     0%   8-419
src/stock_swing/analysis/risk_calculator.py                       104    104     54      0     0%   7-311
src/stock_swing/analysis/strategy_analyzer.py                     106    106     22      0     0%   6-242
src/stock_swing/backtest/__init__.py                                8      8      0      0     0%   7-24
src/stock_swing/backtest/data_loader.py                            59     59     20      0     0%   3-129
src/stock_swing/backtest/engine.py                                 60     60     18      0     0%   3-199
src/stock_swing/backtest/engine_v2.py                             123    123     54      0     0%   3-287
src/stock_swing/backtest/metrics.py                                77     77     18      0     0%   3-192
src/stock_swing/backtest/parameter_grid.py                         54     54     24      0     0%   3-162
src/stock_swing/backtest/price_cache.py                           114    114     36      0     0%   3-234
src/stock_swing/backtest/trade_simulator.py                       100    100     24      0     0%   3-274
src/stock_swing/cli/analyze_data.py                               148    148     36      0     0%   15-237
src/stock_swing/cli/backfill_pnl_state.py                         208    208     78      0     0%   11-360
src/stock_swing/cli/broker_healthcheck.py                          44     44     12      0     0%   4-77
src/stock_swing/cli/collect_data.py                               232    132     70     10    37%   66->75, 77-136, 192-193, 197-209, 222-227, 229, 233-239, 241-251, 256-278, 282-292, 349-356, 371-441, 445
src/stock_swing/cli/daily_report.py                               358    147    110     19    57%   27, 66, 75-91, 95-109, 115-195, 202, 205-206, 213, 216-217, 224, 227-228, 263, 265, 287-310, 367->393, 380, 410->412, 412->414, 421, 461->479, 464->468, 470, 472->476, 480->485, 499-519, 524-585, 589
src/stock_swing/cli/healthcheck.py                                  9      9      2      0     0%   1-15
src/stock_swing/cli/market_check.py                                82     82     28      0     0%   14-144
src/stock_swing/cli/paper_demo.py                                1481   1272    526     16    13%   36, 105-118, 169-184, 190, 196-200, 218, 222, 234->241, 237-240, 241->244, 255, 270-280, 294-331, 340-359, 401->404, 471-2347, 2357-2378, 2384, 2387, 2429-2432, 2445-2470, 2496-2552, 2566-2576, 2669-2670, 2676->2678, 2679->2681, 2695-2698, 2702, 2724-2925, 2929-2941, 2971->2973, 2977
src/stock_swing/cli/paper_demo_wrapper.py                          93     93     34      0     0%   8-203
src/stock_swing/cli/reconcile_buy_orders.py                        80     80     26      0     0%   15-138
src/stock_swing/cli/reconcile_orders.py                           611    294    270     51    49%   26-38, 48-56, 79-80, 107-113, 143-145, 151-231, 252->264, 256->253, 267->265, 274, 282, 292, 296, 299, 302->289, 334->326, 346->271, 378-442, 468-594, 612-615, 633, 637-638, 642, 646, 650, 655-656, 677-678, 689-690, 707-708, 717, 720, 767->764, 771-773, 778->795, 786->781, 788-791, 805->802, 816, 827-828, 830->846, 831->846, 835->831, 838-839, 848-875, 878, 889->936, 902->928, 907->928, 923-926, 944->973, 949->958, 951->958, 954-955, 963->973, 967-971, 973->814, 977-978, 994-1008, 1013-1014, 1035->1045, 1042-1043, 1053->814, 1056->1062, 1069-1071, 1084-1098, 1125
src/stock_swing/core/run_context.py                                26      0      8      3    91%   36->38, 38->40, 41->35
src/stock_swing/core/runtime.py                                    45      3     12      3    89%   50, 73, 105
src/stock_swing/decision_engine/basic_decision_engine.py           15     15      0      0     0%   1-19
src/stock_swing/decision_engine/decision_engine.py                125     10     22      6    89%   192-193, 224->237, 226-227, 229-230, 232-233, 235-236
src/stock_swing/decision_engine/interfaces.py                       7      7      0      0     0%   1-11
src/stock_swing/decision_engine/risk_validator.py                  47      3     14      4    89%   102, 107->118, 111, 120
src/stock_swing/execution/interfaces.py                             7      7      0      0     0%   1-11
src/stock_swing/execution/live_guarded_executor.py                104      6     28      6    91%   139, 144, 193, 229, 234, 297
src/stock_swing/execution/paper_executor.py                       208     48     60     14    70%   164, 171->173, 184-215, 219-220, 281, 293, 313, 316, 334, 348-356, 372, 377, 388->391, 442->465
src/stock_swing/execution/production_executor.py                   44      5      4      2    85%   135, 176, 238-253
src/stock_swing/execution/reconciler.py                            99     11     24      3    87%   229, 231-232, 241, 244-250
src/stock_swing/experiments/bucket_assigner.py                     29      4     10      1    77%   32-35
src/stock_swing/experiments/experiment_context.py                  54      1      2      0    98%   32
src/stock_swing/experiments/experiment_registry.py                 53      3     10      4    89%   21, 36, 39->38, 56
src/stock_swing/feature_engine/base_feature.py                     18      1      0      0    94%   57
src/stock_swing/feature_engine/basic_features.py                    6      6      0      0     0%   1-9
src/stock_swing/feature_engine/earnings_event_feature.py           30      1     12      3    90%   45, 50->49, 51->53
src/stock_swing/feature_engine/interfaces.py                        7      7      0      0     0%   1-11
src/stock_swing/feature_engine/intraday_momentum_feature.py       107     99     48      0     5%   40-42, 54-242
src/stock_swing/feature_engine/macro_regime_feature.py             24      4      6      2    80%   63-67
src/stock_swing/feature_engine/price_momentum_feature.py           75      4     34      7    90%   55, 60->59, 121->127, 123->127, 134, 141->150, 146-147
src/stock_swing/guardrails/circuit_breaker.py                      82      6     16      2    90%   65, 99-104
src/stock_swing/guardrails/pre_trade_check.py                      55     12     18      3    74%   16->22, 56-60, 74->85, 94-104
src/stock_swing/guardrails/risk_snapshot.py                        65      2     12      1    96%   63-64, 117->123
src/stock_swing/guardrails/rule_engine.py                          74      3     14      1    95%   82-83, 87
src/stock_swing/ingestion/raw_ingestor.py                          69     14     14      5    75%   95->98, 124, 148-153, 186, 188, 220-222, 238-244
src/stock_swing/normalization/broker_normalizer.py                 64     28     16      3    56%   36, 38, 41-44, 59-60, 97-133, 137-157, 193-220, 224-244
src/stock_swing/normalization/finnhub_normalizer.py                56     14     12      1    75%   41-45, 86-87, 130-131, 169-192, 196-219
src/stock_swing/normalization/fred_normalizer.py                   34     13      8      1    57%   33, 48-50, 85-123
src/stock_swing/normalization/interfaces.py                         7      7      0      0     0%   1-11
src/stock_swing/normalization/normalizer.py                        31      9      8      2    62%   39, 66-68, 75-83
src/stock_swing/normalization/sec_normalizer.py                    41     13      8      2    65%   31-34, 53, 58-60, 91-115, 119-139
src/stock_swing/openclaw/basic_adapter.py                           5      5      0      0     0%   1-8
src/stock_swing/openclaw/interfaces.py                              6      6      0      0     0%   1-9
src/stock_swing/openclaw_adapter/decision_summarizer.py            77      8     40     10    85%   69, 73-74, 84->93, 97, 99, 103, 118, 130->132, 137->139, 160
src/stock_swing/openclaw_adapter/execution_summarizer.py           76      7     34      9    85%   51, 57->60, 63-64, 67-68, 96->99, 136, 161, 173->175, 193->195
src/stock_swing/openclaw_adapter/signal_summarizer.py              36      1     18      3    93%   40->44, 44->53, 69
src/stock_swing/parameter_engine/parameter_recommender.py          75      0     14      2    98%   100->149, 168->192
src/stock_swing/parameter_engine/performance_analyzer.py           43      2      4      2    91%   62, 98
src/stock_swing/parameter_engine/safe_ranges.py                    39      1     12      1    96%   198
src/stock_swing/pricing/price_resolver.py                         148     23     48      9    83%   61-62, 85, 91, 94-95, 103-104, 112-113, 116, 126-129, 131, 134, 140, 150-151, 163, 219-220, 251
src/stock_swing/reporting/console_renderer.py                     409    113    136     24    70%   15, 21, 27, 75-76, 102->101, 130, 208-209, 256->258, 260, 300, 309, 320, 341-390, 395, 405, 463-466, 476-496, 503-527, 537-538, 577->588, 585-586, 588->606, 600-601, 604-605, 614-639, 644
src/stock_swing/reporting/console_summary.py                      142     13     30      5    88%   41, 230, 234-243, 310, 340, 364->370
src/stock_swing/reporting/daily_summary.py                          3      3      0      0     0%   1-5
src/stock_swing/reporting/performance_snapshot.py                  99     17     18      3    78%   111, 137-149, 158-159, 168
src/stock_swing/reporting/recommendation_report.py                105      2     24      4    95%   119, 136, 149->151, 279->286
src/stock_swing/risk/allocation_config.py                          57      4      8      1    92%   120-122, 155
src/stock_swing/risk/basic_risk.py                                  8      8      2      0     0%   1-11
src/stock_swing/risk/correlation_cluster.py                        44      2     12      1    95%   78->82, 80-81
src/stock_swing/risk/entry_filter.py                              158      0     62      5    98%   102->104, 104->95, 148->145, 294->305, 392->400
src/stock_swing/risk/interfaces.py                                  6      6      0      0     0%   1-9
src/stock_swing/risk/open_shock_cooldown.py                       135     15     52     17    82%   73, 75->71, 82, 84, 98-100, 153, 157, 160, 185->182, 190->195, 196->198, 198->200, 200->202, 202->205, 216, 234-235, 242-243, 267
src/stock_swing/risk/portfolio_allocator.py                       137     10     42      7    89%   95-99, 108, 225, 259->284, 274->284, 305, 319-324, 328->354, 351->354
src/stock_swing/risk/position_sizing.py                           134     11     36     11    87%   108->110, 172, 174, 180, 200, 202, 217, 221, 223, 225, 227, 251
src/stock_swing/risk/risk_budget.py                                46      4     14      1    92%   79-80, 105-106, 111->113
src/stock_swing/risk/risk_monitor.py                              121    103     18      0    13%   63-81, 100-161, 173-192, 202-213, 217-226, 231-241, 246-255, 260-276, 280-301, 305-307, 327-330
src/stock_swing/risk/weekend_gap_guard.py                          52      5     10      4    85%   41, 53, 59, 83, 88
src/stock_swing/safety/audit_logger.py                             77      4     16      2    94%   284-286, 355, 377
src/stock_swing/safety/kill_switch.py                              65      5     20      3    91%   94-96, 158, 178, 194
src/stock_swing/sources/base.py                                    26      1      4      0    97%   65
src/stock_swing/sources/broker_client.py                          170     50     62     17    67%   19-20, 106, 136, 184->186, 189->192, 196-197, 209-210, 213, 215, 217, 222-223, 226-228, 230, 232, 234, 237-238, 315, 326, 333-336, 364-381, 404->406, 418-423, 446-452, 470, 477, 481-482, 503
src/stock_swing/sources/finnhub_client.py                          82     10     28      7    85%   22-23, 77, 150->152, 153, 155, 180, 182, 216, 279, 309
src/stock_swing/sources/fred_client.py                             87     11     32      5    85%   19-20, 74, 243, 265, 287, 289, 293-297, 317
src/stock_swing/sources/hybrid_data_fetcher.py                     90     90     22      0     0%   8-241
src/stock_swing/sources/massive_client.py                         108     71     30      1    30%   58, 81-82, 106-134, 155-183, 206-242, 265-301, 313-325
src/stock_swing/sources/retry.py                                   46      3     20      1    91%   142-144
src/stock_swing/sources/sec_client.py                              76     10     18      2    85%   21-22, 81, 189-198, 257, 287
src/stock_swing/storage/interfaces.py                              16      3      0      0    81%   12, 18, 24
src/stock_swing/storage/json_store.py                              12      4      0      0    67%   45-48
src/stock_swing/storage/outcome_loader.py                          15     15      0      0     0%   7-99
src/stock_swing/storage/stage_store.py                             48      2      8      2    93%   168, 187
src/stock_swing/strategy_engine/base_strategy.py                   23      1      0      0    96%   73
src/stock_swing/strategy_engine/breakout_momentum_strategy.py      43      5     16      3    80%   89, 103->83, 159-162
src/stock_swing/strategy_engine/event_swing.py                      6      6      0      0     0%   1-10
src/stock_swing/strategy_engine/event_swing_strategy.py            47      5     22      5    83%   90, 104->79, 152-153, 159, 161
src/stock_swing/strategy_engine/interfaces.py                       7      7      0      0     0%   1-11
src/stock_swing/strategy_engine/sector_shock_hold.py              124      7     22      1    95%   114-120, 309-310, 432-433
src/stock_swing/strategy_engine/simple_exit_strategy.py            60     52     24      0    10%   43-45, 62-154
src/stock_swing/strategy_engine/simple_exit_v2_strategy.py        198     25     86     12    87%   154, 157, 166-167, 171, 204-205, 236-237, 275->284, 279-281, 287-291, 297, 309->308, 321->308, 330, 359-366, 379-385, 410-411
src/stock_swing/tracking/closed_trade_validator.py                 56      8     24      3    86%   64->76, 72-73, 80-81, 86->84, 90-91, 97->110, 106-107
src/stock_swing/tracking/exit_reason_store.py                      91     18     24      4    81%   57-62, 79-80, 96, 103-104, 110, 119-120, 134->132, 139-140, 143->145, 146-147
src/stock_swing/tracking/pnl_tracker.py                           616    115    186     30    78%   142-143, 227, 356, 364-376, 414, 416, 417->419, 447-459, 471->484, 510-512, 517->523, 671-674, 693, 695, 715-751, 770-775, 824->822, 831, 955, 962, 967, 971-972, 982-990, 992->959, 996->999, 1008, 1013-1014, 1022->1036, 1031-1034, 1046->1005, 1048-1049, 1083-1100, 1106-1109, 1162-1163, 1208-1209, 1212-1214, 1241-1246
src/stock_swing/tracking/pnl_tracker_fix.py                       187    187     50      0     0%   17-373
src/stock_swing/tracking/trade_event_store.py                      43      2      6      1    94%   71->70, 74-75
src/stock_swing/utils/context_budget.py                           129     18     32      8    84%   41, 62, 79->81, 113-114, 129, 159, 224-225, 248->251, 253-257, 259-263
src/stock_swing/utils/latency_tracker.py                           50      1      6      1    96%   78->80, 96
src/stock_swing/utils/market_calendar.py                          120     29     48     15    70%   54, 56, 60, 63, 66, 69, 72, 77, 158, 188, 206, 218, 222, 244, 251, 257-258, 263-264, 269-272, 277-279, 284-286
src/stock_swing/utils/signal_prioritization.py                     77     23     36      5    68%   30, 57-95, 168, 175->179, 179->184, 188
src/stock_swing/utils/stale_price.py                               68     10     24      7    82%   18, 40, 44-45, 47, 52, 69->72, 85, 88-89, 110
src/stock_swing/utils/strategy_versioning.py                       50     20     18      4    56%   13, 16-17, 21-32, 52, 55, 59-61
src/stock_swing/utils/telegram_notifier.py                         59     59     16      0     0%   7-139
-----------------------------------------------------------------------------------------------------------
TOTAL                                                           15898   7729   5104    614    48%

39 files skipped due to complete coverage.
Coverage JSON written to file stock_swing_post_fix_retest_export_20260729/02_TESTS/coverage.json
1118 passed, 2 skipped, 1 warning in 12.00s
