<?xml version="1.0" encoding="utf-8"?><testsuites name="pytest tests"><testsuite name="pytest" errors="0" failures="0" skipped="0" tests="44" time="0.302" timestamp="2026-07-29T19:09:35.235620+09:00" hostname="hirotomoonoMac-mini.local"><testcase classname="tests.unit.test_rebuild_pnl_state_script" name="test_resolve_tracking_metadata_prefers_cli_over_existing_state" time="0.000" /><testcase classname="tests.unit.test_rebuild_pnl_state_script" name="test_resolve_tracking_metadata_falls_back_to_existing_state" time="0.000" /><testcase classname="tests.unit.test_rebuild_pnl_state_script" name="test_match_buy_sell_orders_preserves_buy_and_sell_order_ids" time="0.152" /><testcase classname="tests.unit.test_rebuild_pnl_state_script.TestLoadExistingAttribution" name="test_indexes_non_broker_fill_by_exit_order_id" time="0.002" /><testcase classname="tests.unit.test_rebuild_pnl_state_script.TestLoadExistingAttribution" name="test_indexes_by_key_fallback" time="0.001" /><testcase classname="tests.unit.test_rebuild_pnl_state_script.TestLoadExistingAttribution" name="test_removes_ambiguous_key_collisions" time="0.001" /><testcase classname="tests.unit.test_rebuild_pnl_state_script.TestLoadExistingAttribution" name="test_preserves_quarantined_trades" time="0.001" /><testcase classname="tests.unit.test_rebuild_pnl_state_script.TestLoadExistingAttribution" name="test_returns_empty_for_missing_file" time="0.001" /><testcase classname="tests.unit.test_rebuild_pnl_state_script.TestApplyAttribution" name="test_restores_by_exit_order_id" time="0.000" /><testcase classname="tests.unit.test_rebuild_pnl_state_script.TestApplyAttribution" name="test_fallback_to_key" time="0.000" /><testcase classname="tests.unit.test_rebuild_pnl_state_script.TestApplyAttribution" name="test_exit_order_id_wins_over_key" time="0.000" /><testcase classname="tests.unit.test_rebuild_pnl_state_script.TestApplyAttribution" name="test_keeps_broker_fill_when_no_match" time="0.000" /><testcase classname="tests.unit.test_rebuild_pnl_state_script.TestApplyAttribution" name="test_restores_quarantined_trades" time="0.000" /><testcase classname="tests.unit.test_rebuild_pnl_state_script.TestApplyAttribution" name="test_does_not_touch_already_attributed_trades" time="0.000" /><testcase classname="tests.unit.test_rebuild_pnl_state_script.TestApplyAttribution" name="test_skips_open_positions" time="0.000" /><testcase classname="tests.unit.test_rebuild_pnl_state_script.TestApplyAttribution" name="test_roundtrip_load_and_apply" time="0.001" /><testcase classname="tests.unit.test_asset_class_rebuild_integration.TestLedgerInvariantOverlapDetection" name="test_true_overlap_detected_by_broker_order_id" time="0.000" /><testcase classname="tests.unit.test_asset_class_rebuild_integration.TestLedgerInvariantOverlapDetection" name="test_false_overlap_trade_id_same_but_broker_id_different" time="0.000" /><testcase classname="tests.unit.test_asset_class_rebuild_integration.TestLedgerInvariantOverlapDetection" name="test_no_overlap_when_quarantine_empty" time="0.000" /><testcase classname="tests.unit.test_asset_class_rebuild_integration.TestLedgerInvariantAssetClass" name="test_all_valid_asset_classes_passes" time="0.000" /><testcase classname="tests.unit.test_asset_class_rebuild_integration.TestLedgerInvariantAssetClass" name="test_asset_class_none_detected" time="0.000" /><testcase classname="tests.unit.test_asset_class_rebuild_integration.TestLedgerInvariantAssetClass" name="test_asset_class_unknown_string_detected" time="0.000" /><testcase classname="tests.unit.test_asset_class_rebuild_integration.TestLedgerInvariantAssetClass" name="test_asset_class_empty_string_detected" time="0.000" /><testcase classname="tests.unit.test_asset_class_rebuild_integration.TestLedgerInvariantAssetClass" name="test_asset_class_missing_field_detected" time="0.000" /><testcase classname="tests.unit.test_asset_class_rebuild_integration.TestLedgerInvariantAssetClass" name="test_mixed_valid_and_invalid_counts_correctly" time="0.000" /><testcase classname="tests.unit.test_asset_class_rebuild_integration.TestLedgerInvariantAssetClass" name="test_case_insensitive_stock_etf_are_valid" time="0.000" /><testcase classname="tests.unit.test_asset_class_rebuild_integration.TestLedgerInvariantAssetClass" name="test_ac_unknown_count_key_always_present" time="0.000" /><testcase classname="tests.unit.test_asset_class_rebuild_integration.TestApplyAssetClassFromRegistry" name="test_fills_none_asset_class" time="0.001" /><testcase classname="tests.unit.test_asset_class_rebuild_integration.TestApplyAssetClassFromRegistry" name="test_preserves_existing_valid_asset_class" time="0.001" /><testcase classname="tests.unit.test_asset_class_rebuild_integration.TestApplyAssetClassFromRegistry" name="test_unknown_symbol_gets_unknown" time="0.001" /><testcase classname="tests.unit.test_asset_class_rebuild_integration.TestApplyAssetClassFromRegistry" name="test_overwrites_unknown_string" time="0.001" /><testcase classname="tests.unit.test_asset_class_rebuild_integration.TestApplyAssetClassFromRegistry" name="test_returns_zero_when_all_valid" time="0.001" /><testcase classname="tests.unit.test_asset_class_rebuild_integration.TestApplyAssetClassFromRegistry" name="test_rebuild_then_invariant_passes" time="0.001" /><testcase classname="tests.unit.test_f1_ledger_integrity" name="test_compute_holding_days_positive" time="0.000" /><testcase classname="tests.unit.test_f1_ledger_integrity" name="test_compute_holding_days_negative" time="0.000" /><testcase classname="tests.unit.test_f1_ledger_integrity" name="test_compute_holding_days_none" time="0.000" /><testcase classname="tests.unit.test_f1_ledger_integrity" name="test_valid_close_not_quarantined" time="0.016" /><testcase classname="tests.unit.test_f1_ledger_integrity" name="test_negative_holding_days_quarantined" time="0.002" /><testcase classname="tests.unit.test_f1_ledger_integrity" name="test_quarantine_does_not_affect_pnl_stats" time="0.001" /><testcase classname="tests.unit.test_f1_ledger_integrity" name="test_ledger_quality_report" time="0.015" /><testcase classname="tests.unit.test_f1_ledger_integrity" name="test_quarantined_trades_persisted" time="0.002" /><testcase classname="tests.unit.test_pnl_tracker_atomic" name="test_atomic_save_produces_valid_json" time="0.001" /><testcase classname="tests.unit.test_pnl_tracker_atomic" name="test_atomic_save_no_tmp_file_left" time="0.001" /><testcase classname="tests.unit.test_pnl_tracker_atomic" name="test_state_round_trip" time="0.001" /></testsuite></testsuites>