<?xml version="1.0" encoding="utf-8"?><testsuites name="pytest tests"><testsuite name="pytest" errors="0" failures="0" skipped="0" tests="107" time="0.210" timestamp="2026-07-29T19:09:08.895040+09:00" hostname="hirotomoonoMac-mini.local"><testcase classname="tests.unit.test_reconcile_orders" name="test_reconcile_orders_skips_sell_fill_already_persisted" time="0.002" /><testcase classname="tests.unit.test_reconcile_orders" name="test_partial_fill_completion_records_remaining_qty" time="0.002" /><testcase classname="tests.unit.test_reconcile_orders" name="test_partial_fill_already_complete_is_not_replayed" time="0.001" /><testcase classname="tests.unit.test_reconcile_orders" name="test_cancel_stale_sell_orders_cancels_non_catastrophic_offhours_exit" time="0.001" /><testcase classname="tests.unit.test_reconcile_orders" name="test_cancel_stale_sell_orders_keeps_catastrophic_offhours_exit" time="0.001" /><testcase classname="tests.unit.test_reconcile_orders" name="test_fill_exit_uses_broker_fill_unknown_when_no_pending_reason" time="0.001" /><testcase classname="tests.unit.test_reconcile_orders" name="test_fill_exit_uses_stored_reason_when_pending_exists" time="0.000" /><testcase classname="tests.unit.test_reconcile_orders" name="test_reconcile_skips_fill_absent_from_state_but_in_trade_events" time="0.001" /><testcase classname="tests.unit.test_reconcile_fix003" name="test_recently_sold_old_sell_not_in_window" time="0.000" /><testcase classname="tests.unit.test_reconcile_fix003" name="test_recently_sold_new_sell_in_window" time="0.000" /><testcase classname="tests.unit.test_reconcile_fix003" name="test_sell_then_rebuy_same_symbol_not_suppressed" time="0.000" /><testcase classname="tests.unit.test_reconcile_fix003" name="test_closed_trade_export_mapping_prefers_qty_and_pnl_aliases" time="0.000" /><testcase classname="tests.unit.test_allocation_fix002" name="test_allocation_price_unavailable_blocks_buy" time="0.001" /><testcase classname="tests.unit.test_allocation_fix002" name="test_allocation_uses_qty_not_quantity_attribute" time="0.001" /><testcase classname="tests.unit.test_allocation_fix002" name="test_allocation_sequential_adds_block_at_cap" time="0.001" /><testcase classname="tests.unit.test_guardrail_fix005" name="test_daily_loss_default_prev_unrealized_documented" time="0.000" /><testcase classname="tests.unit.test_guardrail_fix005" name="test_guardrail_missing_metric_not_zero" time="0.000" /><testcase classname="tests.unit.test_guardrail_fix005" name="test_risk_snapshot_compute_daily_loss_with_prev_unrealized" time="0.001" /><testcase classname="tests.unit.test_p6_join_fix006" name="test_decision_record_has_run_id_top_level" time="0.000" /><testcase classname="tests.unit.test_p6_join_fix006" name="test_join_coverage_all_fields_present" time="0.001" /><testcase classname="tests.unit.test_console_security_fix009" name="test_console_host_is_loopback" time="0.000" /><testcase classname="tests.unit.test_console_security_fix009" name="test_console_write_disabled_by_default" time="0.000" /><testcase classname="tests.unit.test_collect_data_fix001" name="test_collect_finnhub_no_synthetic_metric_without_client" time="0.001" /><testcase classname="tests.unit.test_collect_data_fix001" name="test_collect_finnhub_no_synthetic_news_fallback" time="0.001" /><testcase classname="tests.unit.test_collect_data_fix001" name="test_collect_fred_returns_empty_no_write" time="0.000" /><testcase classname="tests.unit.test_collect_data_fix001" name="test_collect_sec_returns_empty_no_write" time="0.000" /><testcase classname="tests.unit.test_collect_data_fix001" name="test_collect_broker_returns_empty" time="0.000" /><testcase classname="tests.unit.test_collect_data_fix001" name="test_write_raw_snapshot_is_synthetic_false_by_default" time="0.001" /><testcase classname="tests.unit.test_collect_data_fix001" name="test_write_raw_snapshot_has_envelope_fields" time="0.000" /><testcase classname="tests.unit.test_finnhub_client" name="test_finnhub_client_requires_api_key" time="0.000" /><testcase classname="tests.unit.test_finnhub_client" name="test_finnhub_client_initialization" time="0.000" /><testcase classname="tests.unit.test_finnhub_client" name="test_fetch_basic_financials_success" time="0.000" /><testcase classname="tests.unit.test_finnhub_client" name="test_fetch_earnings_calendar_success" time="0.000" /><testcase classname="tests.unit.test_finnhub_client" name="test_fetch_insider_transactions_success" time="0.000" /><testcase classname="tests.unit.test_finnhub_client" name="test_fetch_filing_sentiment_success" time="0.000" /><testcase classname="tests.unit.test_finnhub_client" name="test_fetch_authentication_error" time="0.000" /><testcase classname="tests.unit.test_finnhub_client" name="test_fetch_permission_error" time="0.000" /><testcase classname="tests.unit.test_finnhub_client" name="test_fetch_not_found_error" time="0.000" /><testcase classname="tests.unit.test_finnhub_client" name="test_fetch_rate_limit_error" time="0.000" /><testcase classname="tests.unit.test_finnhub_client" name="test_fetch_server_error" time="0.000" /><testcase classname="tests.unit.test_finnhub_client" name="test_fetch_timeout_error" time="0.000" /><testcase classname="tests.unit.test_finnhub_client" name="test_fetch_connection_error" time="0.000" /><testcase classname="tests.unit.test_finnhub_client" name="test_fetch_json_parse_error" time="0.000" /><testcase classname="tests.unit.test_finnhub_client" name="test_fetch_missing_endpoint" time="0.000" /><testcase classname="tests.unit.test_fred_client" name="test_fred_client_requires_api_key" time="0.000" /><testcase classname="tests.unit.test_fred_client" name="test_fred_client_initialization" time="0.000" /><testcase classname="tests.unit.test_fred_client" name="test_fetch_series_observations_success" time="0.000" /><testcase classname="tests.unit.test_fred_client" name="test_fetch_series_observations_with_dates" time="0.000" /><testcase classname="tests.unit.test_fred_client" name="test_fetch_series_info_success" time="0.000" /><testcase classname="tests.unit.test_fred_client" name="test_fetch_series_search_success" time="0.000" /><testcase classname="tests.unit.test_fred_client" name="test_fetch_authentication_error_via_400" time="0.000" /><testcase classname="tests.unit.test_fred_client" name="test_fetch_not_found_error_via_400" time="0.000" /><testcase classname="tests.unit.test_fred_client" name="test_fetch_validation_error_via_400" time="0.000" /><testcase classname="tests.unit.test_fred_client" name="test_fetch_error_in_200_response" time="0.000" /><testcase classname="tests.unit.test_fred_client" name="test_fetch_rate_limit_error" time="0.000" /><testcase classname="tests.unit.test_fred_client" name="test_fetch_server_error" time="0.000" /><testcase classname="tests.unit.test_fred_client" name="test_fetch_timeout_error" time="0.000" /><testcase classname="tests.unit.test_fred_client" name="test_fetch_connection_error" time="0.000" /><testcase classname="tests.unit.test_fred_client" name="test_fetch_json_parse_error" time="0.000" /><testcase classname="tests.unit.test_sec_client" name="test_sec_client_requires_user_agent" time="0.000" /><testcase classname="tests.unit.test_sec_client" name="test_sec_client_initialization" time="0.000" /><testcase classname="tests.unit.test_sec_client" name="test_format_cik" time="0.000" /><testcase classname="tests.unit.test_sec_client" name="test_fetch_company_submissions_success" time="0.000" /><testcase classname="tests.unit.test_sec_client" name="test_fetch_company_concept_success" time="0.000" /><testcase classname="tests.unit.test_sec_client" name="test_fetch_user_agent_header_sent" time="0.000" /><testcase classname="tests.unit.test_sec_client" name="test_fetch_missing_user_agent_error" time="0.000" /><testcase classname="tests.unit.test_sec_client" name="test_fetch_not_found_error" time="0.000" /><testcase classname="tests.unit.test_sec_client" name="test_fetch_rate_limit_error" time="0.000" /><testcase classname="tests.unit.test_sec_client" name="test_fetch_server_error" time="0.000" /><testcase classname="tests.unit.test_sec_client" name="test_fetch_timeout_error" time="0.000" /><testcase classname="tests.unit.test_sec_client" name="test_fetch_connection_error" time="0.000" /><testcase classname="tests.unit.test_sec_client" name="test_fetch_json_parse_error" time="0.000" /><testcase classname="tests.unit.test_sec_client" name="test_fetch_missing_endpoint" time="0.000" /><testcase classname="tests.unit.test_price_resolver" name="test_prefers_decision_latest_close_over_everything" time="0.000" /><testcase classname="tests.unit.test_price_resolver" name="test_falls_back_to_quote_when_bar_is_stale" time="0.000" /><testcase classname="tests.unit.test_price_resolver" name="test_falls_back_to_broker_bar_when_fresh" time="0.000" /><testcase classname="tests.unit.test_price_resolver" name="test_uses_feature_over_stale_position_price" time="0.000" /><testcase classname="tests.unit.test_price_resolver" name="test_uses_position_price_when_fresh" time="0.000" /><testcase classname="tests.unit.test_price_resolver" name="test_no_price_returns_ok_false" time="0.000" /><testcase classname="tests.unit.test_price_resolver" name="test_as_dict_contains_expected_keys" time="0.000" /><testcase classname="tests.unit.test_incident_replay_klac" name="test_klac_stale_entry_and_peak_repaired" time="0.001" /><testcase classname="tests.unit.test_incident_replay_klac" name="test_klac_price_resolver_rejects_stale_bar" time="0.000" /><testcase classname="tests.unit.test_incident_replay_klac" name="test_klac_exit_resolver_uses_feature_not_stale_position" time="0.000" /><testcase classname="tests.unit.test_g1v2_postrun_lag_exclusion.TestBuyLag" name="test_single_buy_lag_excluded" time="0.000" /><testcase classname="tests.unit.test_g1v2_postrun_lag_exclusion.TestBuyLag" name="test_two_buy_lags_excluded" time="0.000" /><testcase classname="tests.unit.test_g1v2_postrun_lag_exclusion.TestBuyLag" name="test_partial_buy_lag_only_submitted_excused" time="0.000" /><testcase classname="tests.unit.test_g1v2_postrun_lag_exclusion.TestSellLag" name="test_single_sell_lag_excluded" time="0.000" /><testcase classname="tests.unit.test_g1v2_postrun_lag_exclusion.TestSellLag" name="test_unsolicited_broker_only_not_excused" time="0.000" /><testcase classname="tests.unit.test_g1v2_postrun_lag_exclusion.TestMixed" name="test_buy_and_sell_lag_both_excused" time="0.000" /><testcase classname="tests.unit.test_g1v2_postrun_lag_exclusion.TestMixed" name="test_real_mismatch_not_excused_when_mixed" time="0.000" /><testcase classname="tests.unit.test_g1v2_postrun_lag_exclusion.TestEdgeCases" name="test_no_submissions_no_exclusion" time="0.000" /><testcase classname="tests.unit.test_g1v2_postrun_lag_exclusion.TestEdgeCases" name="test_zero_mismatch_unchanged" time="0.000" /><testcase classname="tests.unit.test_g1v2_postrun_lag_exclusion.TestEdgeCases" name="test_adjusted_never_negative" time="0.000" /><testcase classname="tests.unit.test_g1v2_postrun_lag_exclusion.TestEdgeCases" name="test_result_type_is_lag_exclusion_result" time="0.000" /><testcase classname="tests.unit.test_g1v2_postrun_lag_exclusion.TestQtyMismatchLag" name="test_partial_fill_qty_mismatch_excused" time="0.000" /><testcase classname="tests.unit.test_g1v2_postrun_lag_exclusion.TestQtyMismatchLag" name="test_unsolicited_qty_mismatch_not_excused" time="0.000" /><testcase classname="tests.unit.test_g1v2_postrun_lag_exclusion.TestQtyMismatchLag" name="test_buy_symbol_qty_mismatch_not_excused" time="0.000" /><testcase classname="tests.unit.test_g1v2_postrun_lag_exclusion.TestQtyMismatchLag" name="test_presence_and_qty_mismatches_combined" time="0.000" /><testcase classname="tests.unit.test_g1v2_postrun_lag_exclusion.TestG1V2cFastFillSellPhantom" name="test_regression_skyy_phantom_07_24" time="0.000" /><testcase classname="tests.unit.test_g1v2_postrun_lag_exclusion.TestG1V2cFastFillSellPhantom" name="test_fast_fill_sell_tracker_only_excused" time="0.000" /><testcase classname="tests.unit.test_g1v2_postrun_lag_exclusion.TestG1V2cFastFillSellPhantom" name="test_tracker_only_without_sell_not_excused" time="0.000" /><testcase classname="tests.unit.test_g1v2_postrun_lag_exclusion.TestG1V2cFastFillSellPhantom" name="test_fast_fill_and_buy_lag_simultaneously" time="0.000" /><testcase classname="tests.unit.test_g1v2_postrun_lag_exclusion.TestG1V2cFastFillSellPhantom" name="test_tracker_only_sell_submitted_different_symbol_not_excused" time="0.000" /><testcase classname="tests.unit.test_g1v2_postrun_lag_exclusion.TestG1V2cFastFillSellPhantom" name="test_broker_only_sell_and_tracker_only_sell_both_excused" time="0.000" /><testcase classname="tests.unit.test_g1v2_postrun_lag_exclusion.TestPaperDemoUsesCanonicalModule" name="test_paper_demo_imports_apply_lag_exclusion" time="0.000" /><testcase classname="tests.unit.test_g1v2_postrun_lag_exclusion.TestPaperDemoUsesCanonicalModule" name="test_paper_demo_passes_adjusted_count_to_guardrail" time="0.000" /><testcase classname="tests.unit.test_fix007_yaml_disable" name="test_simple_exit_v2_yaml_disables_tiered_min_hold" time="0.001" /></testsuite></testsuites>