<?xml version="1.0" encoding="utf-8"?><testsuites name="pytest tests"><testsuite name="pytest" errors="0" failures="0" skipped="0" tests="76" time="0.175" timestamp="2026-07-29T19:11:43.579812+09:00" hostname="hirotomoonoMac-mini.local"><testcase classname="tests.unit.test_broker_client" name="test_broker_client_requires_api_key" time="0.000" /><testcase classname="tests.unit.test_broker_client" name="test_broker_client_requires_api_secret" time="0.000" /><testcase classname="tests.unit.test_broker_client" name="test_broker_client_blocks_live_mode" time="0.000" /><testcase classname="tests.unit.test_broker_client" name="test_broker_client_initialization_paper_mode" time="0.000" /><testcase classname="tests.unit.test_broker_client" name="test_fetch_bars_success" time="0.002" /><testcase classname="tests.unit.test_broker_client" name="test_fetch_latest_quote_success" time="0.000" /><testcase classname="tests.unit.test_broker_client" name="test_fetch_account_success" time="0.000" /><testcase classname="tests.unit.test_broker_client" name="test_fetch_positions_success" time="0.000" /><testcase classname="tests.unit.test_broker_client" name="test_fetch_orders_success" time="0.000" /><testcase classname="tests.unit.test_broker_client" name="test_fetch_authentication_error" time="0.000" /><testcase classname="tests.unit.test_broker_client" name="test_fetch_permission_error" time="0.000" /><testcase classname="tests.unit.test_broker_client" name="test_fetch_not_found_error" time="0.000" /><testcase classname="tests.unit.test_broker_client" name="test_fetch_validation_error" time="0.000" /><testcase classname="tests.unit.test_broker_client" name="test_fetch_rate_limit_error" time="0.000" /><testcase classname="tests.unit.test_broker_client" name="test_fetch_server_error" time="0.000" /><testcase classname="tests.unit.test_broker_client" name="test_fetch_timeout_error" time="0.000" /><testcase classname="tests.unit.test_broker_client" name="test_fetch_connection_error" time="0.000" /><testcase classname="tests.unit.test_source_errors" name="test_source_error_base" time="0.000" /><testcase classname="tests.unit.test_source_errors" name="test_source_error_with_original" time="0.000" /><testcase classname="tests.unit.test_source_errors" name="test_source_connection_error" time="0.000" /><testcase classname="tests.unit.test_source_errors" name="test_source_timeout_error" time="0.000" /><testcase classname="tests.unit.test_source_errors" name="test_source_authentication_error" time="0.000" /><testcase classname="tests.unit.test_source_errors" name="test_source_rate_limit_error" time="0.000" /><testcase classname="tests.unit.test_source_errors" name="test_source_rate_limit_error_without_retry_after" time="0.000" /><testcase classname="tests.unit.test_source_errors" name="test_source_not_found_error" time="0.000" /><testcase classname="tests.unit.test_source_errors" name="test_source_validation_error" time="0.000" /><testcase classname="tests.unit.test_source_errors" name="test_source_server_error" time="0.000" /><testcase classname="tests.unit.test_source_errors" name="test_source_response_error" time="0.000" /><testcase classname="tests.unit.test_massive_client" name="test_massive_bar_dataclass_imports_without_sdk" time="0.000" /><testcase classname="tests.unit.test_massive_client" name="test_massive_client_raises_clear_import_error_without_sdk" time="0.000" /><testcase classname="tests.unit.test_massive_client" name="test_massive_client_pool_maxsize_patched" time="0.000" /><testcase classname="tests.unit.test_massive_client" name="test_massive_client_pool_patch_is_safe_when_no_pool_attr" time="0.000" /><testcase classname="tests.unit.test_finnhub_client" name="test_finnhub_client_requires_api_key" time="0.000" /><testcase classname="tests.unit.test_finnhub_client" name="test_finnhub_client_initialization" time="0.000" /><testcase classname="tests.unit.test_finnhub_client" name="test_fetch_basic_financials_success" time="0.000" /><testcase classname="tests.unit.test_finnhub_client" name="test_fetch_earnings_calendar_success" time="0.000" /><testcase classname="tests.unit.test_finnhub_client" name="test_fetch_insider_transactions_success" time="0.000" /><testcase classname="tests.unit.test_finnhub_client" name="test_fetch_filing_sentiment_success" time="0.000" /><testcase classname="tests.unit.test_finnhub_client" name="test_fetch_authentication_error" time="0.000" /><testcase classname="tests.unit.test_finnhub_client" name="test_fetch_permission_error" time="0.000" /><testcase classname="tests.unit.test_finnhub_client" name="test_fetch_not_found_error" time="0.000" /><testcase classname="tests.unit.test_finnhub_client" name="test_fetch_rate_limit_error" time="0.000" /><testcase classname="tests.unit.test_finnhub_client" name="test_fetch_server_error" time="0.000" /><testcase classname="tests.unit.test_finnhub_client" name="test_fetch_timeout_error" time="0.000" /><testcase classname="tests.unit.test_finnhub_client" name="test_fetch_connection_error" time="0.000" /><testcase classname="tests.unit.test_finnhub_client" name="test_fetch_json_parse_error" time="0.000" /><testcase classname="tests.unit.test_finnhub_client" name="test_fetch_missing_endpoint" time="0.000" /><testcase classname="tests.unit.test_fred_client" name="test_fred_client_requires_api_key" time="0.000" /><testcase classname="tests.unit.test_fred_client" name="test_fred_client_initialization" time="0.000" /><testcase classname="tests.unit.test_fred_client" name="test_fetch_series_observations_success" time="0.000" /><testcase classname="tests.unit.test_fred_client" name="test_fetch_series_observations_with_dates" time="0.000" /><testcase classname="tests.unit.test_fred_client" name="test_fetch_series_info_success" time="0.000" /><testcase classname="tests.unit.test_fred_client" name="test_fetch_series_search_success" time="0.000" /><testcase classname="tests.unit.test_fred_client" name="test_fetch_authentication_error_via_400" time="0.000" /><testcase classname="tests.unit.test_fred_client" name="test_fetch_not_found_error_via_400" time="0.000" /><testcase classname="tests.unit.test_fred_client" name="test_fetch_validation_error_via_400" time="0.000" /><testcase classname="tests.unit.test_fred_client" name="test_fetch_error_in_200_response" time="0.000" /><testcase classname="tests.unit.test_fred_client" name="test_fetch_rate_limit_error" time="0.000" /><testcase classname="tests.unit.test_fred_client" name="test_fetch_server_error" time="0.000" /><testcase classname="tests.unit.test_fred_client" name="test_fetch_timeout_error" time="0.000" /><testcase classname="tests.unit.test_fred_client" name="test_fetch_connection_error" time="0.000" /><testcase classname="tests.unit.test_fred_client" name="test_fetch_json_parse_error" time="0.000" /><testcase classname="tests.unit.test_sec_client" name="test_sec_client_requires_user_agent" time="0.000" /><testcase classname="tests.unit.test_sec_client" name="test_sec_client_initialization" time="0.000" /><testcase classname="tests.unit.test_sec_client" name="test_format_cik" time="0.000" /><testcase classname="tests.unit.test_sec_client" name="test_fetch_company_submissions_success" time="0.000" /><testcase classname="tests.unit.test_sec_client" name="test_fetch_company_concept_success" time="0.000" /><testcase classname="tests.unit.test_sec_client" name="test_fetch_user_agent_header_sent" time="0.000" /><testcase classname="tests.unit.test_sec_client" name="test_fetch_missing_user_agent_error" time="0.000" /><testcase classname="tests.unit.test_sec_client" name="test_fetch_not_found_error" time="0.000" /><testcase classname="tests.unit.test_sec_client" name="test_fetch_rate_limit_error" time="0.000" /><testcase classname="tests.unit.test_sec_client" name="test_fetch_server_error" time="0.000" /><testcase classname="tests.unit.test_sec_client" name="test_fetch_timeout_error" time="0.000" /><testcase classname="tests.unit.test_sec_client" name="test_fetch_connection_error" time="0.000" /><testcase classname="tests.unit.test_sec_client" name="test_fetch_json_parse_error" time="0.000" /><testcase classname="tests.unit.test_sec_client" name="test_fetch_missing_endpoint" time="0.000" /></testsuite></testsuites>