{"meta": {"format": 3, "version": "7.13.5", "timestamp": "2026-07-29T20:34:06.165596", "branch_coverage": false, "show_contexts": false}, "files": {"src/stock_swing/__init__.py": {"executed_lines": [], "summary": {"covered_lines": 0, "num_statements": 0, "percent_covered": 100.0, "percent_covered_display": "100", "missing_lines": 0, "excluded_lines": 0, "percent_statements_covered": 100.0, "percent_statements_covered_display": "100"}, "missing_lines": [], "excluded_lines": [], "functions": {"": {"executed_lines": [], "summary": {"covered_lines": 0, "num_statements": 0, "percent_covered": 100.0, "percent_covered_display": "100", "missing_lines": 0, "excluded_lines": 0, "percent_statements_covered": 100.0, "percent_statements_covered_display": "100"}, "missing_lines": [], "excluded_lines": [], "start_line": 1}}, "classes": {"": {"executed_lines": [], "summary": {"covered_lines": 0, "num_statements": 0, "percent_covered": 100.0, "percent_covered_display": "100", "missing_lines": 0, "excluded_lines": 0, "percent_statements_covered": 100.0, "percent_statements_covered_display": "100"}, "missing_lines": [], "excluded_lines": [], "start_line": 1}}}, "src/stock_swing/analysis/__init__.py": {"executed_lines": [], "summary": {"covered_lines": 0, "num_statements": 3, "percent_covered": 0.0, "percent_covered_display": "0", "missing_lines": 3, "excluded_lines": 0, "percent_statements_covered": 0.0, "percent_statements_covered_display": "0"}, "missing_lines": [3, 4, 6], "excluded_lines": [], "functions": {"": {"executed_lines": [], "summary": {"covered_lines": 0, "num_statements": 3, "percent_covered": 0.0, "percent_covered_display": "0", "missing_lines": 3, "excluded_lines": 0, "percent_statements_covered": 0.0, "percent_statements_covered_display": "0"}, "missing_lines": [3, 4, 6], "excluded_lines": [], "start_line": 1}}, "classes": {"": {"executed_lines": [], "summary": {"covered_lines": 0, "num_statements": 3, "percent_covered": 0.0, "percent_covered_display": "0", "missing_lines": 3, "excluded_lines": 0, "percent_statements_covered": 0.0, "percent_statements_covered_display": "0"}, "missing_lines": [3, 4, 6], "excluded_lines": [], "start_line": 1}}}, "src/stock_swing/analysis/baseline_metrics.py": {"executed_lines": [], "summary": {"covered_lines": 0, "num_statements": 234, "percent_covered": 0.0, "percent_covered_display": "0", "missing_lines": 234, "excluded_lines": 0, "percent_statements_covered": 0.0, "percent_statements_covered_display": "0"}, "missing_lines": [8, 10, 11, 12, 13, 14, 17, 19, 20, 21, 22, 25, 27, 28, 30, 31, 33, 34, 37, 38, 41, 42, 43, 46, 47, 48, 49, 52, 53, 54, 55, 56, 57, 58, 59, 62, 63, 64, 65, 67, 68, 69, 72, 73, 75, 76, 78, 80, 81, 83, 90, 91, 92, 95, 96, 97, 98, 99, 100, 101, 102, 103, 105, 106, 107, 108, 109, 119, 120, 122, 123, 124, 125, 126, 127, 128, 130, 131, 132, 133, 134, 135, 136, 138, 139, 140, 142, 157, 158, 159, 160, 162, 163, 166, 168, 179, 184, 185, 186, 187, 189, 190, 191, 192, 194, 195, 197, 198, 199, 200, 202, 207, 254, 256, 257, 258, 259, 261, 262, 263, 266, 267, 268, 269, 272, 273, 274, 275, 276, 277, 278, 279, 280, 283, 284, 285, 286, 287, 290, 291, 292, 293, 294, 295, 296, 297, 299, 300, 301, 302, 303, 304, 305, 306, 307, 309, 310, 311, 312, 315, 316, 317, 318, 319, 320, 321, 324, 325, 326, 327, 328, 329, 330, 331, 332, 333, 334, 337, 338, 339, 340, 341, 342, 343, 344, 345, 346, 347, 349, 352, 353, 354, 355, 356, 357, 358, 359, 360, 361, 363, 366, 367, 368, 369, 370, 371, 374, 375, 376, 377, 378, 380, 383, 385, 386, 389, 391, 393, 394, 397, 398, 401, 404, 405, 406, 407, 409, 411, 412, 413, 414, 415, 418, 419], "excluded_lines": [], "functions": {"load_pnl_data": {"executed_lines": [], "summary": {"covered_lines": 0, "num_statements": 4, "percent_covered": 0.0, "percent_covered_display": "0", "missing_lines": 4, "excluded_lines": 0, "percent_statements_covered": 0.0, "percent_statements_covered_display": "0"}, "missing_lines": [19, 20, 21, 22], "excluded_lines": [], "start_line": 17}, "calculate_baseline_metrics": {"executed_lines": [], "summary": {"covered_lines": 0, "num_statements": 100, "percent_covered": 0.0, "percent_covered_display": "0", "missing_lines": 100, "excluded_lines": 0, "percent_statements_covered": 0.0, "percent_statements_covered_display": "0"}, "missing_lines": [27, 28, 30, 31, 33, 34, 37, 38, 41, 42, 43, 46, 47, 48, 49, 52, 53, 54, 55, 56, 57, 58, 59, 62, 63, 64, 65, 67, 68, 69, 72, 73, 75, 76, 78, 80, 81, 83, 90, 91, 92, 95, 96, 97, 98, 99, 100, 101, 102, 103, 105, 106, 107, 108, 109, 119, 120, 122, 123, 124, 125, 126, 127, 128, 130, 131, 132, 133, 134, 135, 136, 138, 139, 140, 142, 157, 158, 159, 160, 162, 163, 166, 168, 179, 184, 185, 186, 187, 189, 190, 191, 192, 194, 195, 197, 198, 199, 200, 202, 207], "excluded_lines": [], "start_line": 25}, "print_metrics": {"executed_lines": [], "summary": {"covered_lines": 0, "num_statements": 99, "percent_covered": 0.0, "percent_covered_display": "0", "missing_lines": 99, "excluded_lines": 0, "percent_statements_covered": 0.0, "percent_statements_covered_display": "0"}, "missing_lines": [256, 257, 258, 259, 261, 262, 263, 266, 267, 268, 269, 272, 273, 274, 275, 276, 277, 278, 279, 280, 283, 284, 285, 286, 287, 290, 291, 292, 293, 294, 295, 296, 297, 299, 300, 301, 302, 303, 304, 305, 306, 307, 309, 310, 311, 312, 315, 316, 317, 318, 319, 320, 321, 324, 325, 326, 327, 328, 329, 330, 331, 332, 333, 334, 337, 338, 339, 340, 341, 342, 343, 344, 345, 346, 347, 349, 352, 353, 354, 355, 356, 357, 358, 359, 360, 361, 363, 366, 367, 368, 369, 370, 371, 374, 375, 376, 377, 378, 380], "excluded_lines": [], "start_line": 254}, "main": {"executed_lines": [], "summary": {"covered_lines": 0, "num_statements": 19, "percent_covered": 0.0, "percent_covered_display": "0", "missing_lines": 19, "excluded_lines": 0, "percent_statements_covered": 0.0, "percent_statements_covered_display": "0"}, "missing_lines": [385, 386, 389, 391, 393, 394, 397, 398, 401, 404, 405, 406, 407, 409, 411, 412, 413, 414, 415], "excluded_lines": [], "start_line": 383}, "": {"executed_lines": [], "summary": {"covered_lines": 0, "num_statements": 12, "percent_covered": 0.0, "percent_covered_display": "0", "missing_lines": 12, "excluded_lines": 0, "percent_statements_covered": 0.0, "percent_statements_covered_display": "0"}, "missing_lines": [8, 10, 11, 12, 13, 14, 17, 25, 254, 383, 418, 419], "excluded_lines": [], "start_line": 1}}, "classes": {"": {"executed_lines": [], "summary": {"covered_lines": 0, "num_statements": 234, "percent_covered": 0.0, "percent_covered_display": "0", "missing_lines": 234, "excluded_lines": 0, "percent_statements_covered": 0.0, "percent_statements_covered_display": "0"}, "missing_lines": [8, 10, 11, 12, 13, 14, 17, 19, 20, 21, 22, 25, 27, 28, 30, 31, 33, 34, 37, 38, 41, 42, 43, 46, 47, 48, 49, 52, 53, 54, 55, 56, 57, 58, 59, 62, 63, 64, 65, 67, 68, 69, 72, 73, 75, 76, 78, 80, 81, 83, 90, 91, 92, 95, 96, 97, 98, 99, 100, 101, 102, 103, 105, 106, 107, 108, 109, 119, 120, 122, 123, 124, 125, 126, 127, 128, 130, 131, 132, 133, 134, 135, 136, 138, 139, 140, 142, 157, 158, 159, 160, 162, 163, 166, 168, 179, 184, 185, 186, 187, 189, 190, 191, 192, 194, 195, 197, 198, 199, 200, 202, 207, 254, 256, 257, 258, 259, 261, 262, 263, 266, 267, 268, 269, 272, 273, 274, 275, 276, 277, 278, 279, 280, 283, 284, 285, 286, 287, 290, 291, 292, 293, 294, 295, 296, 297, 299, 300, 301, 302, 303, 304, 305, 306, 307, 309, 310, 311, 312, 315, 316, 317, 318, 319, 320, 321, 324, 325, 326, 327, 328, 329, 330, 331, 332, 333, 334, 337, 338, 339, 340, 341, 342, 343, 344, 345, 346, 347, 349, 352, 353, 354, 355, 356, 357, 358, 359, 360, 361, 363, 366, 367, 368, 369, 370, 371, 374, 375, 376, 377, 378, 380, 383, 385, 386, 389, 391, 393, 394, 397, 398, 401, 404, 405, 406, 407, 409, 411, 412, 413, 414, 415, 418, 419], "excluded_lines": [], "start_line": 1}}}, "src/stock_swing/analysis/risk_calculator.py": {"executed_lines": [], "summary": {"covered_lines": 0, "num_statements": 104, "percent_covered": 0.0, "percent_covered_display": "0", "missing_lines": 104, "excluded_lines": 0, "percent_statements_covered": 0.0, "percent_statements_covered_display": "0"}, "missing_lines": [7, 8, 9, 12, 15, 29, 30, 32, 33, 35, 36, 38, 40, 41, 43, 45, 59, 60, 62, 63, 64, 66, 68, 69, 70, 72, 74, 76, 98, 99, 101, 102, 104, 105, 106, 108, 112, 114, 116, 132, 133, 135, 137, 139, 141, 172, 176, 177, 178, 179, 180, 181, 185, 186, 187, 188, 189, 190, 194, 195, 196, 197, 198, 199, 203, 204, 208, 209, 210, 211, 213, 215, 231, 232, 234, 237, 238, 241, 244, 246, 255, 256, 257, 258, 260, 262, 271, 272, 273, 274, 276, 278, 287, 288, 291, 296, 297, 299, 301, 306, 307, 309, 310, 311], "excluded_lines": [], "functions": {"RiskCalculator.calculate_current_drawdown": {"executed_lines": [], "summary": {"covered_lines": 0, "num_statements": 10, "percent_covered": 0.0, "percent_covered_display": "0", "missing_lines": 10, "excluded_lines": 0, "percent_statements_covered": 0.0, "percent_statements_covered_display": "0"}, "missing_lines": [29, 30, 32, 33, 35, 36, 38, 40, 41, 43], "excluded_lines": [], "start_line": 15}, "RiskCalculator.calculate_max_drawdown": {"executed_lines": [], "summary": {"covered_lines": 0, "num_statements": 11, "percent_covered": 0.0, "percent_covered_display": "0", "missing_lines": 11, "excluded_lines": 0, "percent_statements_covered": 0.0, "percent_statements_covered_display": "0"}, "missing_lines": [59, 60, 62, 63, 64, 66, 68, 69, 70, 72, 74], "excluded_lines": [], "start_line": 45}, "RiskCalculator.calculate_kelly_criterion": {"executed_lines": [], "summary": {"covered_lines": 0, "num_statements": 10, "percent_covered": 0.0, "percent_covered_display": "0", "missing_lines": 10, "excluded_lines": 0, "percent_statements_covered": 0.0, "percent_statements_covered_display": "0"}, "missing_lines": [98, 99, 101, 102, 104, 105, 106, 108, 112, 114], "excluded_lines": [], "start_line": 76}, "RiskCalculator.calculate_portfolio_heat": {"executed_lines": [], "summary": {"covered_lines": 0, "num_statements": 5, "percent_covered": 0.0, "percent_covered_display": "0", "missing_lines": 5, "excluded_lines": 0, "percent_statements_covered": 0.0, "percent_statements_covered_display": "0"}, "missing_lines": [132, 133, 135, 137, 139], "excluded_lines": [], "start_line": 116}, "RiskCalculator.calculate_risk_score": {"executed_lines": [], "summary": {"covered_lines": 0, "num_statements": 26, "percent_covered": 0.0, "percent_covered_display": "0", "missing_lines": 26, "excluded_lines": 0, "percent_statements_covered": 0.0, "percent_statements_covered_display": "0"}, "missing_lines": [172, 176, 177, 178, 179, 180, 181, 185, 186, 187, 188, 189, 190, 194, 195, 196, 197, 198, 199, 203, 204, 208, 209, 210, 211, 213], "excluded_lines": [], "start_line": 141}, "RiskCalculator.calculate_var": {"executed_lines": [], "summary": {"covered_lines": 0, "num_statements": 7, "percent_covered": 0.0, "percent_covered_display": "0", "missing_lines": 7, "excluded_lines": 0, "percent_statements_covered": 0.0, "percent_statements_covered_display": "0"}, "missing_lines": [231, 232, 234, 237, 238, 241, 244], "excluded_lines": [], "start_line": 215}, "RiskCalculator.get_risk_level": {"executed_lines": [], "summary": {"covered_lines": 0, "num_statements": 5, "percent_covered": 0.0, "percent_covered_display": "0", "missing_lines": 5, "excluded_lines": 0, "percent_statements_covered": 0.0, "percent_statements_covered_display": "0"}, "missing_lines": [255, 256, 257, 258, 260], "excluded_lines": [], "start_line": 246}, "RiskCalculator.get_risk_emoji": {"executed_lines": [], "summary": {"covered_lines": 0, "num_statements": 5, "percent_covered": 0.0, "percent_covered_display": "0", "missing_lines": 5, "excluded_lines": 0, "percent_statements_covered": 0.0, "percent_statements_covered_display": "0"}, "missing_lines": [271, 272, 273, 274, 276], "excluded_lines": [], "start_line": 262}, "RiskCalculator.days_since_last_trade": {"executed_lines": [], "summary": {"covered_lines": 0, "num_statements": 12, "percent_covered": 0.0, "percent_covered_display": "0", "missing_lines": 12, "excluded_lines": 0, "percent_statements_covered": 0.0, "percent_statements_covered_display": "0"}, "missing_lines": [287, 288, 291, 296, 297, 299, 301, 306, 307, 309, 310, 311], "excluded_lines": [], "start_line": 278}, "": {"executed_lines": [], "summary": {"covered_lines": 0, "num_statements": 13, "percent_covered": 0.0, "percent_covered_display": "0", "missing_lines": 13, "excluded_lines": 0, "percent_statements_covered": 0.0, "percent_statements_covered_display": "0"}, "missing_lines": [7, 8, 9, 12, 15, 45, 76, 116, 141, 215, 246, 262, 278], "excluded_lines": [], "start_line": 1}}, "classes": {"RiskCalculator": {"executed_lines": [], "summary": {"covered_lines": 0, "num_statements": 91, "percent_covered": 0.0, "percent_covered_display": "0", "missing_lines": 91, "excluded_lines": 0, "percent_statements_covered": 0.0, "percent_statements_covered_display": "0"}, "missing_lines": [29, 30, 32, 33, 35, 36, 38, 40, 41, 43, 59, 60, 62, 63, 64, 66, 68, 69, 70, 72, 74, 98, 99, 101, 102, 104, 105, 106, 108, 112, 114, 132, 133, 135, 137, 139, 172, 176, 177, 178, 179, 180, 181, 185, 186, 187, 188, 189, 190, 194, 195, 196, 197, 198, 199, 203, 204, 208, 209, 210, 211, 213, 231, 232, 234, 237, 238, 241, 244, 255, 256, 257, 258, 260, 271, 272, 273, 274, 276, 287, 288, 291, 296, 297, 299, 301, 306, 307, 309, 310, 311], "excluded_lines": [], "start_line": 12}, "": {"executed_lines": [], "summary": {"covered_lines": 0, "num_statements": 13, "percent_covered": 0.0, "percent_covered_display": "0", "missing_lines": 13, "excluded_lines": 0, "percent_statements_covered": 0.0, "percent_statements_covered_display": "0"}, "missing_lines": [7, 8, 9, 12, 15, 45, 76, 116, 141, 215, 246, 262, 278], "excluded_lines": [], "start_line": 1}}}, "src/stock_swing/analysis/strategy_analyzer.py": {"executed_lines": [], "summary": {"covered_lines": 0, "num_statements": 106, "percent_covered": 0.0, "percent_covered_display": "0", "missing_lines": 106, "excluded_lines": 0, "percent_statements_covered": 0.0, "percent_statements_covered_display": "0"}, "missing_lines": [6, 7, 8, 9, 12, 13, 16, 17, 18, 19, 20, 21, 22, 23, 24, 25, 26, 27, 28, 29, 30, 31, 34, 37, 38, 40, 50, 51, 52, 53, 54, 57, 58, 59, 60, 61, 63, 65, 67, 68, 71, 72, 73, 76, 77, 78, 79, 82, 83, 85, 86, 88, 89, 90, 91, 94, 97, 98, 99, 102, 103, 104, 105, 106, 108, 111, 112, 113, 114, 117, 118, 119, 120, 121, 122, 123, 124, 125, 126, 127, 128, 130, 149, 151, 170, 180, 181, 184, 190, 192, 203, 209, 210, 211, 212, 215, 216, 217, 218, 220, 229, 231, 237, 238, 240, 242], "excluded_lines": [], "functions": {"StrategyAnalyzer.__init__": {"executed_lines": [], "summary": {"covered_lines": 0, "num_statements": 1, "percent_covered": 0.0, "percent_covered_display": "0", "missing_lines": 1, "excluded_lines": 0, "percent_statements_covered": 0.0, "percent_statements_covered_display": "0"}, "missing_lines": [38], "excluded_lines": [], "start_line": 37}, "StrategyAnalyzer.analyze_by_strategy": {"executed_lines": [], "summary": {"covered_lines": 0, "num_statements": 11, "percent_covered": 0.0, "percent_covered_display": "0", "missing_lines": 11, "excluded_lines": 0, "percent_statements_covered": 0.0, "percent_statements_covered_display": "0"}, "missing_lines": [50, 51, 52, 53, 54, 57, 58, 59, 60, 61, 63], "excluded_lines": [], "start_line": 40}, "StrategyAnalyzer._calculate_metrics": {"executed_lines": [], "summary": {"covered_lines": 0, "num_statements": 44, "percent_covered": 0.0, "percent_covered_display": "0", "missing_lines": 44, "excluded_lines": 0, "percent_statements_covered": 0.0, "percent_statements_covered_display": "0"}, "missing_lines": [67, 68, 71, 72, 73, 76, 77, 78, 79, 82, 83, 85, 86, 88, 89, 90, 91, 94, 97, 98, 99, 102, 103, 104, 105, 106, 108, 111, 112, 113, 114, 117, 118, 119, 120, 121, 122, 123, 124, 125, 126, 127, 128, 130], "excluded_lines": [], "start_line": 65}, "StrategyAnalyzer._empty_metrics": {"executed_lines": [], "summary": {"covered_lines": 0, "num_statements": 1, "percent_covered": 0.0, "percent_covered_display": "0", "missing_lines": 1, "excluded_lines": 0, "percent_statements_covered": 0.0, "percent_statements_covered_display": "0"}, "missing_lines": [151], "excluded_lines": [], "start_line": 149}, "StrategyAnalyzer.get_top_performers": {"executed_lines": [], "summary": {"covered_lines": 0, "num_statements": 4, "percent_covered": 0.0, "percent_covered_display": "0", "missing_lines": 4, "excluded_lines": 0, "percent_statements_covered": 0.0, "percent_statements_covered_display": "0"}, "missing_lines": [180, 181, 184, 190], "excluded_lines": [], "start_line": 170}, "StrategyAnalyzer.get_symbol_breakdown": {"executed_lines": [], "summary": {"covered_lines": 0, "num_statements": 11, "percent_covered": 0.0, "percent_covered_display": "0", "missing_lines": 11, "excluded_lines": 0, "percent_statements_covered": 0.0, "percent_statements_covered_display": "0"}, "missing_lines": [203, 209, 210, 211, 212, 215, 216, 217, 218, 220, 229], "excluded_lines": [], "start_line": 192}, "StrategyAnalyzer.get_comparison_data": {"executed_lines": [], "summary": {"covered_lines": 0, "num_statements": 4, "percent_covered": 0.0, "percent_covered_display": "0", "missing_lines": 4, "excluded_lines": 0, "percent_statements_covered": 0.0, "percent_statements_covered_display": "0"}, "missing_lines": [237, 238, 240, 242], "excluded_lines": [], "start_line": 231}, "": {"executed_lines": [], "summary": {"covered_lines": 0, "num_statements": 30, "percent_covered": 0.0, "percent_covered_display": "0", "missing_lines": 30, "excluded_lines": 0, "percent_statements_covered": 0.0, "percent_statements_covered_display": "0"}, "missing_lines": [6, 7, 8, 9, 12, 13, 16, 17, 18, 19, 20, 21, 22, 23, 24, 25, 26, 27, 28, 29, 30, 31, 34, 37, 40, 65, 149, 170, 192, 231], "excluded_lines": [], "start_line": 1}}, "classes": {"StrategyMetrics": {"executed_lines": [], "summary": {"covered_lines": 0, "num_statements": 0, "percent_covered": 100.0, "percent_covered_display": "100", "missing_lines": 0, "excluded_lines": 0, "percent_statements_covered": 100.0, "percent_statements_covered_display": "100"}, "missing_lines": [], "excluded_lines": [], "start_line": 13}, "StrategyAnalyzer": {"executed_lines": [], "summary": {"covered_lines": 0, "num_statements": 76, "percent_covered": 0.0, "percent_covered_display": "0", "missing_lines": 76, "excluded_lines": 0, "percent_statements_covered": 0.0, "percent_statements_covered_display": "0"}, "missing_lines": [38, 50, 51, 52, 53, 54, 57, 58, 59, 60, 61, 63, 67, 68, 71, 72, 73, 76, 77, 78, 79, 82, 83, 85, 86, 88, 89, 90, 91, 94, 97, 98, 99, 102, 103, 104, 105, 106, 108, 111, 112, 113, 114, 117, 118, 119, 120, 121, 122, 123, 124, 125, 126, 127, 128, 130, 151, 180, 181, 184, 190, 203, 209, 210, 211, 212, 215, 216, 217, 218, 220, 229, 237, 238, 240, 242], "excluded_lines": [], "start_line": 34}, "": {"executed_lines": [], "summary": {"covered_lines": 0, "num_statements": 30, "percent_covered": 0.0, "percent_covered_display": "0", "missing_lines": 30, "excluded_lines": 0, "percent_statements_covered": 0.0, "percent_statements_covered_display": "0"}, "missing_lines": [6, 7, 8, 9, 12, 13, 16, 17, 18, 19, 20, 21, 22, 23, 24, 25, 26, 27, 28, 29, 30, 31, 34, 37, 40, 65, 149, 170, 192, 231], "excluded_lines": [], "start_line": 1}}}, "src/stock_swing/backtest/__init__.py": {"executed_lines": [], "summary": {"covered_lines": 0, "num_statements": 8, "percent_covered": 0.0, "percent_covered_display": "0", "missing_lines": 8, "excluded_lines": 0, "percent_statements_covered": 0.0, "percent_statements_covered_display": "0"}, "missing_lines": [7, 8, 9, 10, 11, 13, 22, 24], "excluded_lines": [], "functions": {"": {"executed_lines": [], "summary": {"covered_lines": 0, "num_statements": 8, "percent_covered": 0.0, "percent_covered_display": "0", "missing_lines": 8, "excluded_lines": 0, "percent_statements_covered": 0.0, "percent_statements_covered_display": "0"}, "missing_lines": [7, 8, 9, 10, 11, 13, 22, 24], "excluded_lines": [], "start_line": 1}}, "classes": {"": {"executed_lines": [], "summary": {"covered_lines": 0, "num_statements": 8, "percent_covered": 0.0, "percent_covered_display": "0", "missing_lines": 8, "excluded_lines": 0, "percent_statements_covered": 0.0, "percent_statements_covered_display": "0"}, "missing_lines": [7, 8, 9, 10, 11, 13, 22, 24], "excluded_lines": [], "start_line": 1}}}, "src/stock_swing/backtest/data_loader.py": {"executed_lines": [], "summary": {"covered_lines": 0, "num_statements": 59, "percent_covered": 0.0, "percent_covered_display": "0", "missing_lines": 59, "excluded_lines": 0, "percent_statements_covered": 0.0, "percent_statements_covered_display": "0"}, "missing_lines": [3, 5, 6, 7, 8, 11, 14, 20, 21, 22, 24, 34, 35, 37, 39, 40, 41, 42, 45, 46, 47, 48, 51, 52, 53, 54, 55, 56, 58, 60, 61, 63, 65, 71, 72, 74, 75, 76, 78, 80, 81, 83, 103, 105, 111, 113, 114, 116, 117, 118, 119, 120, 121, 122, 123, 124, 126, 127, 129], "excluded_lines": [], "functions": {"DataLoader.__init__": {"executed_lines": [], "summary": {"covered_lines": 0, "num_statements": 3, "percent_covered": 0.0, "percent_covered_display": "0", "missing_lines": 3, "excluded_lines": 0, "percent_statements_covered": 0.0, "percent_statements_covered_display": "0"}, "missing_lines": [20, 21, 22], "excluded_lines": [], "start_line": 14}, "DataLoader.load_decisions": {"executed_lines": [], "summary": {"covered_lines": 0, "num_statements": 21, "percent_covered": 0.0, "percent_covered_display": "0", "missing_lines": 21, "excluded_lines": 0, "percent_statements_covered": 0.0, "percent_statements_covered_display": "0"}, "missing_lines": [34, 35, 37, 39, 40, 41, 42, 45, 46, 47, 48, 51, 52, 53, 54, 55, 56, 58, 60, 61, 63], "excluded_lines": [], "start_line": 24}, "DataLoader.load_trades": {"executed_lines": [], "summary": {"covered_lines": 0, "num_statements": 8, "percent_covered": 0.0, "percent_covered_display": "0", "missing_lines": 8, "excluded_lines": 0, "percent_statements_covered": 0.0, "percent_statements_covered_display": "0"}, "missing_lines": [71, 72, 74, 75, 76, 78, 80, 81], "excluded_lines": [], "start_line": 65}, "DataLoader.load_price_data": {"executed_lines": [], "summary": {"covered_lines": 0, "num_statements": 1, "percent_covered": 0.0, "percent_covered_display": "0", "missing_lines": 1, "excluded_lines": 0, "percent_statements_covered": 0.0, "percent_statements_covered_display": "0"}, "missing_lines": [103], "excluded_lines": [], "start_line": 83}, "DataLoader.get_date_range": {"executed_lines": [], "summary": {"covered_lines": 0, "num_statements": 15, "percent_covered": 0.0, "percent_covered_display": "0", "missing_lines": 15, "excluded_lines": 0, "percent_statements_covered": 0.0, "percent_statements_covered_display": "0"}, "missing_lines": [111, 113, 114, 116, 117, 118, 119, 120, 121, 122, 123, 124, 126, 127, 129], "excluded_lines": [], "start_line": 105}, "": {"executed_lines": [], "summary": {"covered_lines": 0, "num_statements": 11, "percent_covered": 0.0, "percent_covered_display": "0", "missing_lines": 11, "excluded_lines": 0, "percent_statements_covered": 0.0, "percent_statements_covered_display": "0"}, "missing_lines": [3, 5, 6, 7, 8, 11, 14, 24, 65, 83, 105], "excluded_lines": [], "start_line": 1}}, "classes": {"DataLoader": {"executed_lines": [], "summary": {"covered_lines": 0, "num_statements": 48, "percent_covered": 0.0, "percent_covered_display": "0", "missing_lines": 48, "excluded_lines": 0, "percent_statements_covered": 0.0, "percent_statements_covered_display": "0"}, "missing_lines": [20, 21, 22, 34, 35, 37, 39, 40, 41, 42, 45, 46, 47, 48, 51, 52, 53, 54, 55, 56, 58, 60, 61, 63, 71, 72, 74, 75, 76, 78, 80, 81, 103, 111, 113, 114, 116, 117, 118, 119, 120, 121, 122, 123, 124, 126, 127, 129], "excluded_lines": [], "start_line": 11}, "": {"executed_lines": [], "summary": {"covered_lines": 0, "num_statements": 11, "percent_covered": 0.0, "percent_covered_display": "0", "missing_lines": 11, "excluded_lines": 0, "percent_statements_covered": 0.0, "percent_statements_covered_display": "0"}, "missing_lines": [3, 5, 6, 7, 8, 11, 14, 24, 65, 83, 105], "excluded_lines": [], "start_line": 1}}}, "src/stock_swing/backtest/engine.py": {"executed_lines": [], "summary": {"covered_lines": 0, "num_statements": 60, "percent_covered": 0.0, "percent_covered_display": "0", "missing_lines": 60, "excluded_lines": 0, "percent_statements_covered": 0.0, "percent_statements_covered_display": "0"}, "missing_lines": [3, 5, 6, 7, 8, 10, 11, 12, 13, 16, 19, 22, 29, 30, 33, 34, 35, 36, 38, 55, 58, 60, 61, 62, 72, 78, 80, 82, 97, 100, 103, 104, 106, 109, 110, 111, 112, 114, 115, 118, 120, 122, 139, 141, 142, 143, 155, 161, 175, 176, 179, 180, 181, 182, 183, 184, 186, 188, 190, 199], "excluded_lines": [], "functions": {"BacktestEngine.__init__": {"executed_lines": [], "summary": {"covered_lines": 0, "num_statements": 6, "percent_covered": 0.0, "percent_covered_display": "0", "missing_lines": 6, "excluded_lines": 0, "percent_statements_covered": 0.0, "percent_statements_covered_display": "0"}, "missing_lines": [29, 30, 33, 34, 35, 36], "excluded_lines": [], "start_line": 22}, "BacktestEngine.run_single_backtest": {"executed_lines": [], "summary": {"covered_lines": 0, "num_statements": 8, "percent_covered": 0.0, "percent_covered_display": "0", "missing_lines": 8, "excluded_lines": 0, "percent_statements_covered": 0.0, "percent_statements_covered_display": "0"}, "missing_lines": [55, 58, 60, 61, 62, 72, 78, 80], "excluded_lines": [], "start_line": 38}, "BacktestEngine.run_grid_search": {"executed_lines": [], "summary": {"covered_lines": 0, "num_statements": 13, "percent_covered": 0.0, "percent_covered_display": "0", "missing_lines": 13, "excluded_lines": 0, "percent_statements_covered": 0.0, "percent_statements_covered_display": "0"}, "missing_lines": [97, 100, 103, 104, 106, 109, 110, 111, 112, 114, 115, 118, 120], "excluded_lines": [], "start_line": 82}, "BacktestEngine.run_walk_forward": {"executed_lines": [], "summary": {"covered_lines": 0, "num_statements": 5, "percent_covered": 0.0, "percent_covered_display": "0", "missing_lines": 5, "excluded_lines": 0, "percent_statements_covered": 0.0, "percent_statements_covered_display": "0"}, "missing_lines": [139, 141, 142, 143, 155], "excluded_lines": [], "start_line": 122}, "BacktestEngine.get_best_parameters": {"executed_lines": [], "summary": {"covered_lines": 0, "num_statements": 10, "percent_covered": 0.0, "percent_covered_display": "0", "missing_lines": 10, "excluded_lines": 0, "percent_statements_covered": 0.0, "percent_statements_covered_display": "0"}, "missing_lines": [175, 176, 179, 180, 181, 182, 183, 184, 186, 188], "excluded_lines": [], "start_line": 161}, "BacktestEngine._empty_result": {"executed_lines": [], "summary": {"covered_lines": 0, "num_statements": 1, "percent_covered": 0.0, "percent_covered_display": "0", "missing_lines": 1, "excluded_lines": 0, "percent_statements_covered": 0.0, "percent_statements_covered_display": "0"}, "missing_lines": [199], "excluded_lines": [], "start_line": 190}, "": {"executed_lines": [], "summary": {"covered_lines": 0, "num_statements": 17, "percent_covered": 0.0, "percent_covered_display": "0", "missing_lines": 17, "excluded_lines": 0, "percent_statements_covered": 0.0, "percent_statements_covered_display": "0"}, "missing_lines": [3, 5, 6, 7, 8, 10, 11, 12, 13, 16, 19, 22, 38, 82, 122, 161, 190], "excluded_lines": [], "start_line": 1}}, "classes": {"BacktestEngine": {"executed_lines": [], "summary": {"covered_lines": 0, "num_statements": 43, "percent_covered": 0.0, "percent_covered_display": "0", "missing_lines": 43, "excluded_lines": 0, "percent_statements_covered": 0.0, "percent_statements_covered_display": "0"}, "missing_lines": [29, 30, 33, 34, 35, 36, 55, 58, 60, 61, 62, 72, 78, 80, 97, 100, 103, 104, 106, 109, 110, 111, 112, 114, 115, 118, 120, 139, 141, 142, 143, 155, 175, 176, 179, 180, 181, 182, 183, 184, 186, 188, 199], "excluded_lines": [], "start_line": 19}, "": {"executed_lines": [], "summary": {"covered_lines": 0, "num_statements": 17, "percent_covered": 0.0, "percent_covered_display": "0", "missing_lines": 17, "excluded_lines": 0, "percent_statements_covered": 0.0, "percent_statements_covered_display": "0"}, "missing_lines": [3, 5, 6, 7, 8, 10, 11, 12, 13, 16, 19, 22, 38, 82, 122, 161, 190], "excluded_lines": [], "start_line": 1}}}, "src/stock_swing/backtest/engine_v2.py": {"executed_lines": [], "summary": {"covered_lines": 0, "num_statements": 123, "percent_covered": 0.0, "percent_covered_display": "0", "missing_lines": 123, "excluded_lines": 0, "percent_statements_covered": 0.0, "percent_statements_covered_display": "0"}, "missing_lines": [3, 5, 6, 7, 8, 10, 11, 12, 13, 14, 16, 19, 22, 35, 36, 39, 40, 41, 42, 45, 46, 48, 67, 70, 72, 73, 74, 77, 80, 81, 82, 83, 84, 85, 88, 90, 92, 95, 96, 99, 102, 105, 108, 111, 112, 115, 121, 123, 125, 130, 132, 134, 135, 136, 138, 139, 140, 142, 143, 145, 147, 148, 150, 152, 170, 171, 172, 174, 175, 177, 178, 179, 180, 183, 184, 187, 190, 191, 192, 193, 194, 197, 198, 201, 202, 203, 206, 207, 209, 210, 211, 212, 214, 215, 218, 224, 225, 227, 228, 229, 230, 233, 241, 242, 244, 258, 261, 263, 264, 265, 266, 267, 271, 272, 274, 275, 277, 278, 279, 281, 283, 285, 287], "excluded_lines": [], "functions": {"BacktestEngineV2.__init__": {"executed_lines": [], "summary": {"covered_lines": 0, "num_statements": 8, "percent_covered": 0.0, "percent_covered_display": "0", "missing_lines": 8, "excluded_lines": 0, "percent_statements_covered": 0.0, "percent_statements_covered_display": "0"}, "missing_lines": [35, 36, 39, 40, 41, 42, 45, 46], "excluded_lines": [], "start_line": 22}, "BacktestEngineV2.run_backtest_full": {"executed_lines": [], "summary": {"covered_lines": 0, "num_statements": 26, "percent_covered": 0.0, "percent_covered_display": "0", "missing_lines": 26, "excluded_lines": 0, "percent_statements_covered": 0.0, "percent_statements_covered_display": "0"}, "missing_lines": [67, 70, 72, 73, 74, 77, 80, 81, 82, 83, 84, 85, 88, 90, 92, 95, 96, 99, 102, 105, 108, 111, 112, 115, 121, 123], "excluded_lines": [], "start_line": 48}, "BacktestEngineV2._group_decisions_by_date": {"executed_lines": [], "summary": {"covered_lines": 0, "num_statements": 14, "percent_covered": 0.0, "percent_covered_display": "0", "missing_lines": 14, "excluded_lines": 0, "percent_statements_covered": 0.0, "percent_statements_covered_display": "0"}, "missing_lines": [130, 132, 134, 135, 136, 138, 139, 140, 142, 143, 145, 147, 148, 150], "excluded_lines": [], "start_line": 125}, "BacktestEngineV2._process_entry": {"executed_lines": [], "summary": {"covered_lines": 0, "num_statements": 40, "percent_covered": 0.0, "percent_covered_display": "0", "missing_lines": 40, "excluded_lines": 0, "percent_statements_covered": 0.0, "percent_statements_covered_display": "0"}, "missing_lines": [170, 171, 172, 174, 175, 177, 178, 179, 180, 183, 184, 187, 190, 191, 192, 193, 194, 197, 198, 201, 202, 203, 206, 207, 209, 210, 211, 212, 214, 215, 218, 224, 225, 227, 228, 229, 230, 233, 241, 242], "excluded_lines": [], "start_line": 152}, "BacktestEngineV2._get_prices_for_date": {"executed_lines": [], "summary": {"covered_lines": 0, "num_statements": 15, "percent_covered": 0.0, "percent_covered_display": "0", "missing_lines": 15, "excluded_lines": 0, "percent_statements_covered": 0.0, "percent_statements_covered_display": "0"}, "missing_lines": [258, 261, 263, 264, 265, 266, 267, 271, 272, 274, 275, 277, 278, 279, 281], "excluded_lines": [], "start_line": 244}, "BacktestEngineV2._empty_result": {"executed_lines": [], "summary": {"covered_lines": 0, "num_statements": 2, "percent_covered": 0.0, "percent_covered_display": "0", "missing_lines": 2, "excluded_lines": 0, "percent_statements_covered": 0.0, "percent_statements_covered_display": "0"}, "missing_lines": [285, 287], "excluded_lines": [], "start_line": 283}, "": {"executed_lines": [], "summary": {"covered_lines": 0, "num_statements": 18, "percent_covered": 0.0, "percent_covered_display": "0", "missing_lines": 18, "excluded_lines": 0, "percent_statements_covered": 0.0, "percent_statements_covered_display": "0"}, "missing_lines": [3, 5, 6, 7, 8, 10, 11, 12, 13, 14, 16, 19, 22, 48, 125, 152, 244, 283], "excluded_lines": [], "start_line": 1}}, "classes": {"BacktestEngineV2": {"executed_lines": [], "summary": {"covered_lines": 0, "num_statements": 105, "percent_covered": 0.0, "percent_covered_display": "0", "missing_lines": 105, "excluded_lines": 0, "percent_statements_covered": 0.0, "percent_statements_covered_display": "0"}, "missing_lines": [35, 36, 39, 40, 41, 42, 45, 46, 67, 70, 72, 73, 74, 77, 80, 81, 82, 83, 84, 85, 88, 90, 92, 95, 96, 99, 102, 105, 108, 111, 112, 115, 121, 123, 130, 132, 134, 135, 136, 138, 139, 140, 142, 143, 145, 147, 148, 150, 170, 171, 172, 174, 175, 177, 178, 179, 180, 183, 184, 187, 190, 191, 192, 193, 194, 197, 198, 201, 202, 203, 206, 207, 209, 210, 211, 212, 214, 215, 218, 224, 225, 227, 228, 229, 230, 233, 241, 242, 258, 261, 263, 264, 265, 266, 267, 271, 272, 274, 275, 277, 278, 279, 281, 285, 287], "excluded_lines": [], "start_line": 19}, "": {"executed_lines": [], "summary": {"covered_lines": 0, "num_statements": 18, "percent_covered": 0.0, "percent_covered_display": "0", "missing_lines": 18, "excluded_lines": 0, "percent_statements_covered": 0.0, "percent_statements_covered_display": "0"}, "missing_lines": [3, 5, 6, 7, 8, 10, 11, 12, 13, 14, 16, 19, 22, 48, 125, 152, 244, 283], "excluded_lines": [], "start_line": 1}}}, "src/stock_swing/backtest/metrics.py": {"executed_lines": [], "summary": {"covered_lines": 0, "num_statements": 77, "percent_covered": 0.0, "percent_covered_display": "0", "missing_lines": 77, "excluded_lines": 0, "percent_statements_covered": 0.0, "percent_statements_covered_display": "0"}, "missing_lines": [3, 5, 6, 7, 8, 11, 12, 27, 28, 29, 30, 31, 32, 33, 34, 35, 36, 39, 40, 57, 58, 59, 60, 61, 62, 63, 64, 65, 66, 67, 68, 71, 74, 90, 91, 107, 108, 109, 111, 113, 114, 117, 118, 119, 122, 123, 126, 129, 131, 146, 151, 152, 155, 156, 157, 158, 160, 161, 164, 165, 166, 168, 169, 172, 174, 176, 178, 179, 181, 182, 184, 185, 186, 188, 189, 190, 192], "excluded_lines": [], "functions": {"MetricsCalculator.calculate": {"executed_lines": [], "summary": {"covered_lines": 0, "num_statements": 16, "percent_covered": 0.0, "percent_covered_display": "0", "missing_lines": 16, "excluded_lines": 0, "percent_statements_covered": 0.0, "percent_statements_covered_display": "0"}, "missing_lines": [90, 91, 107, 108, 109, 111, 113, 114, 117, 118, 119, 122, 123, 126, 129, 131], "excluded_lines": [], "start_line": 74}, "MetricsCalculator._calculate_sharpe": {"executed_lines": [], "summary": {"covered_lines": 0, "num_statements": 15, "percent_covered": 0.0, "percent_covered_display": "0", "missing_lines": 15, "excluded_lines": 0, "percent_statements_covered": 0.0, "percent_statements_covered_display": "0"}, "missing_lines": [151, 152, 155, 156, 157, 158, 160, 161, 164, 165, 166, 168, 169, 172, 174], "excluded_lines": [], "start_line": 146}, "MetricsCalculator._calculate_max_drawdown": {"executed_lines": [], "summary": {"covered_lines": 0, "num_statements": 11, "percent_covered": 0.0, "percent_covered_display": "0", "missing_lines": 11, "excluded_lines": 0, "percent_statements_covered": 0.0, "percent_statements_covered_display": "0"}, "missing_lines": [178, 179, 181, 182, 184, 185, 186, 188, 189, 190, 192], "excluded_lines": [], "start_line": 176}, "": {"executed_lines": [], "summary": {"covered_lines": 0, "num_statements": 35, "percent_covered": 0.0, "percent_covered_display": "0", "missing_lines": 35, "excluded_lines": 0, "percent_statements_covered": 0.0, "percent_statements_covered_display": "0"}, "missing_lines": [3, 5, 6, 7, 8, 11, 12, 27, 28, 29, 30, 31, 32, 33, 34, 35, 36, 39, 40, 57, 58, 59, 60, 61, 62, 63, 64, 65, 66, 67, 68, 71, 74, 146, 176], "excluded_lines": [], "start_line": 1}}, "classes": {"BacktestTrade": {"executed_lines": [], "summary": {"covered_lines": 0, "num_statements": 0, "percent_covered": 100.0, "percent_covered_display": "100", "missing_lines": 0, "excluded_lines": 0, "percent_statements_covered": 100.0, "percent_statements_covered_display": "100"}, "missing_lines": [], "excluded_lines": [], "start_line": 12}, "BacktestResult": {"executed_lines": [], "summary": {"covered_lines": 0, "num_statements": 0, "percent_covered": 100.0, "percent_covered_display": "100", "missing_lines": 0, "excluded_lines": 0, "percent_statements_covered": 100.0, "percent_statements_covered_display": "100"}, "missing_lines": [], "excluded_lines": [], "start_line": 40}, "MetricsCalculator": {"executed_lines": [], "summary": {"covered_lines": 0, "num_statements": 42, "percent_covered": 0.0, "percent_covered_display": "0", "missing_lines": 42, "excluded_lines": 0, "percent_statements_covered": 0.0, "percent_statements_covered_display": "0"}, "missing_lines": [90, 91, 107, 108, 109, 111, 113, 114, 117, 118, 119, 122, 123, 126, 129, 131, 151, 152, 155, 156, 157, 158, 160, 161, 164, 165, 166, 168, 169, 172, 174, 178, 179, 181, 182, 184, 185, 186, 188, 189, 190, 192], "excluded_lines": [], "start_line": 71}, "": {"executed_lines": [], "summary": {"covered_lines": 0, "num_statements": 35, "percent_covered": 0.0, "percent_covered_display": "0", "missing_lines": 35, "excluded_lines": 0, "percent_statements_covered": 0.0, "percent_statements_covered_display": "0"}, "missing_lines": [3, 5, 6, 7, 8, 11, 12, 27, 28, 29, 30, 31, 32, 33, 34, 35, 36, 39, 40, 57, 58, 59, 60, 61, 62, 63, 64, 65, 66, 67, 68, 71, 74, 146, 176], "excluded_lines": [], "start_line": 1}}}, "src/stock_swing/backtest/parameter_grid.py": {"executed_lines": [], "summary": {"covered_lines": 0, "num_statements": 54, "percent_covered": 0.0, "percent_covered_display": "0", "missing_lines": 54, "excluded_lines": 0, "percent_statements_covered": 0.0, "percent_statements_covered_display": "0"}, "missing_lines": [3, 5, 6, 9, 13, 29, 39, 45, 46, 47, 49, 58, 61, 62, 65, 66, 67, 68, 70, 72, 81, 83, 84, 85, 87, 89, 105, 107, 108, 110, 111, 114, 115, 116, 117, 120, 121, 122, 124, 125, 127, 129, 142, 144, 146, 147, 148, 149, 153, 154, 157, 158, 160, 162], "excluded_lines": [], "functions": {"ParameterGrid.__init__": {"executed_lines": [], "summary": {"covered_lines": 0, "num_statements": 3, "percent_covered": 0.0, "percent_covered_display": "0", "missing_lines": 3, "excluded_lines": 0, "percent_statements_covered": 0.0, "percent_statements_covered_display": "0"}, "missing_lines": [45, 46, 47], "excluded_lines": [], "start_line": 39}, "ParameterGrid.generate": {"executed_lines": [], "summary": {"covered_lines": 0, "num_statements": 8, "percent_covered": 0.0, "percent_covered_display": "0", "missing_lines": 8, "excluded_lines": 0, "percent_statements_covered": 0.0, "percent_statements_covered_display": "0"}, "missing_lines": [58, 61, 62, 65, 66, 67, 68, 70], "excluded_lines": [], "start_line": 49}, "ParameterGrid.count": {"executed_lines": [], "summary": {"covered_lines": 0, "num_statements": 5, "percent_covered": 0.0, "percent_covered_display": "0", "missing_lines": 5, "excluded_lines": 0, "percent_statements_covered": 0.0, "percent_statements_covered_display": "0"}, "missing_lines": [81, 83, 84, 85, 87], "excluded_lines": [], "start_line": 72}, "ParameterGrid.filter_by_criteria": {"executed_lines": [], "summary": {"covered_lines": 0, "num_statements": 15, "percent_covered": 0.0, "percent_covered_display": "0", "missing_lines": 15, "excluded_lines": 0, "percent_statements_covered": 0.0, "percent_statements_covered_display": "0"}, "missing_lines": [105, 107, 108, 110, 111, 114, 115, 116, 117, 120, 121, 122, 124, 125, 127], "excluded_lines": [], "start_line": 89}, "ParameterGrid.apply_domain_constraints": {"executed_lines": [], "summary": {"covered_lines": 0, "num_statements": 12, "percent_covered": 0.0, "percent_covered_display": "0", "missing_lines": 12, "excluded_lines": 0, "percent_statements_covered": 0.0, "percent_statements_covered_display": "0"}, "missing_lines": [142, 144, 146, 147, 148, 149, 153, 154, 157, 158, 160, 162], "excluded_lines": [], "start_line": 129}, "": {"executed_lines": [], "summary": {"covered_lines": 0, "num_statements": 11, "percent_covered": 0.0, "percent_covered_display": "0", "missing_lines": 11, "excluded_lines": 0, "percent_statements_covered": 0.0, "percent_statements_covered_display": "0"}, "missing_lines": [3, 5, 6, 9, 13, 29, 39, 49, 72, 89, 129], "excluded_lines": [], "start_line": 1}}, "classes": {"ParameterGrid": {"executed_lines": [], "summary": {"covered_lines": 0, "num_statements": 43, "percent_covered": 0.0, "percent_covered_display": "0", "missing_lines": 43, "excluded_lines": 0, "percent_statements_covered": 0.0, "percent_statements_covered_display": "0"}, "missing_lines": [45, 46, 47, 58, 61, 62, 65, 66, 67, 68, 70, 81, 83, 84, 85, 87, 105, 107, 108, 110, 111, 114, 115, 116, 117, 120, 121, 122, 124, 125, 127, 142, 144, 146, 147, 148, 149, 153, 154, 157, 158, 160, 162], "excluded_lines": [], "start_line": 9}, "": {"executed_lines": [], "summary": {"covered_lines": 0, "num_statements": 11, "percent_covered": 0.0, "percent_covered_display": "0", "missing_lines": 11, "excluded_lines": 0, "percent_statements_covered": 0.0, "percent_statements_covered_display": "0"}, "missing_lines": [3, 5, 6, 9, 13, 29, 39, 49, 72, 89, 129], "excluded_lines": [], "start_line": 1}}}, "src/stock_swing/backtest/price_cache.py": {"executed_lines": [], "summary": {"covered_lines": 0, "num_statements": 114, "percent_covered": 0.0, "percent_covered_display": "0", "missing_lines": 114, "excluded_lines": 0, "percent_statements_covered": 0.0, "percent_statements_covered_display": "0"}, "missing_lines": [3, 5, 6, 7, 8, 9, 11, 14, 17, 24, 25, 26, 27, 29, 46, 47, 48, 49, 52, 53, 54, 55, 58, 59, 60, 61, 63, 65, 81, 84, 87, 88, 89, 91, 92, 93, 94, 95, 96, 98, 100, 102, 104, 106, 107, 109, 110, 111, 113, 114, 116, 117, 118, 120, 127, 130, 131, 133, 134, 135, 138, 139, 141, 144, 145, 146, 148, 149, 150, 153, 154, 155, 156, 157, 158, 159, 161, 162, 163, 165, 167, 169, 170, 172, 174, 182, 183, 185, 186, 188, 191, 200, 203, 204, 206, 208, 209, 210, 212, 214, 217, 218, 219, 220, 221, 222, 223, 226, 227, 230, 231, 232, 233, 234], "excluded_lines": [], "functions": {"PriceCache.__init__": {"executed_lines": [], "summary": {"covered_lines": 0, "num_statements": 4, "percent_covered": 0.0, "percent_covered_display": "0", "missing_lines": 4, "excluded_lines": 0, "percent_statements_covered": 0.0, "percent_statements_covered_display": "0"}, "missing_lines": [24, 25, 26, 27], "excluded_lines": [], "start_line": 17}, "PriceCache.get_price": {"executed_lines": [], "summary": {"covered_lines": 0, "num_statements": 13, "percent_covered": 0.0, "percent_covered_display": "0", "missing_lines": 13, "excluded_lines": 0, "percent_statements_covered": 0.0, "percent_statements_covered_display": "0"}, "missing_lines": [46, 47, 48, 49, 52, 53, 54, 55, 58, 59, 60, 61, 63], "excluded_lines": [], "start_line": 29}, "PriceCache.get_price_range": {"executed_lines": [], "summary": {"covered_lines": 0, "num_statements": 13, "percent_covered": 0.0, "percent_covered_display": "0", "missing_lines": 13, "excluded_lines": 0, "percent_statements_covered": 0.0, "percent_statements_covered_display": "0"}, "missing_lines": [81, 84, 87, 88, 89, 91, 92, 93, 94, 95, 96, 98, 100], "excluded_lines": [], "start_line": 65}, "PriceCache._load_from_file": {"executed_lines": [], "summary": {"covered_lines": 0, "num_statements": 11, "percent_covered": 0.0, "percent_covered_display": "0", "missing_lines": 11, "excluded_lines": 0, "percent_statements_covered": 0.0, "percent_statements_covered_display": "0"}, "missing_lines": [104, 106, 107, 109, 110, 111, 113, 114, 116, 117, 118], "excluded_lines": [], "start_line": 102}, "PriceCache._load_range_from_file": {"executed_lines": [], "summary": {"covered_lines": 0, "num_statements": 26, "percent_covered": 0.0, "percent_covered_display": "0", "missing_lines": 26, "excluded_lines": 0, "percent_statements_covered": 0.0, "percent_statements_covered_display": "0"}, "missing_lines": [127, 130, 131, 133, 134, 135, 138, 139, 141, 144, 145, 146, 148, 149, 150, 153, 154, 155, 156, 157, 158, 159, 161, 162, 163, 165], "excluded_lines": [], "start_line": 120}, "PriceCache._fetch_and_cache": {"executed_lines": [], "summary": {"covered_lines": 0, "num_statements": 17, "percent_covered": 0.0, "percent_covered_display": "0", "missing_lines": 17, "excluded_lines": 0, "percent_statements_covered": 0.0, "percent_statements_covered_display": "0"}, "missing_lines": [169, 170, 172, 174, 182, 183, 185, 186, 188, 191, 200, 203, 204, 206, 208, 209, 210], "excluded_lines": [], "start_line": 167}, "PriceCache._save_to_file": {"executed_lines": [], "summary": {"covered_lines": 0, "num_statements": 15, "percent_covered": 0.0, "percent_covered_display": "0", "missing_lines": 15, "excluded_lines": 0, "percent_statements_covered": 0.0, "percent_statements_covered_display": "0"}, "missing_lines": [214, 217, 218, 219, 220, 221, 222, 223, 226, 227, 230, 231, 232, 233, 234], "excluded_lines": [], "start_line": 212}, "": {"executed_lines": [], "summary": {"covered_lines": 0, "num_statements": 15, "percent_covered": 0.0, "percent_covered_display": "0", "missing_lines": 15, "excluded_lines": 0, "percent_statements_covered": 0.0, "percent_statements_covered_display": "0"}, "missing_lines": [3, 5, 6, 7, 8, 9, 11, 14, 17, 29, 65, 102, 120, 167, 212], "excluded_lines": [], "start_line": 1}}, "classes": {"PriceCache": {"executed_lines": [], "summary": {"covered_lines": 0, "num_statements": 99, "percent_covered": 0.0, "percent_covered_display": "0", "missing_lines": 99, "excluded_lines": 0, "percent_statements_covered": 0.0, "percent_statements_covered_display": "0"}, "missing_lines": [24, 25, 26, 27, 46, 47, 48, 49, 52, 53, 54, 55, 58, 59, 60, 61, 63, 81, 84, 87, 88, 89, 91, 92, 93, 94, 95, 96, 98, 100, 104, 106, 107, 109, 110, 111, 113, 114, 116, 117, 118, 127, 130, 131, 133, 134, 135, 138, 139, 141, 144, 145, 146, 148, 149, 150, 153, 154, 155, 156, 157, 158, 159, 161, 162, 163, 165, 169, 170, 172, 174, 182, 183, 185, 186, 188, 191, 200, 203, 204, 206, 208, 209, 210, 214, 217, 218, 219, 220, 221, 222, 223, 226, 227, 230, 231, 232, 233, 234], "excluded_lines": [], "start_line": 14}, "": {"executed_lines": [], "summary": {"covered_lines": 0, "num_statements": 15, "percent_covered": 0.0, "percent_covered_display": "0", "missing_lines": 15, "excluded_lines": 0, "percent_statements_covered": 0.0, "percent_statements_covered_display": "0"}, "missing_lines": [3, 5, 6, 7, 8, 9, 11, 14, 17, 29, 65, 102, 120, 167, 212], "excluded_lines": [], "start_line": 1}}}, "src/stock_swing/backtest/trade_simulator.py": {"executed_lines": [], "summary": {"covered_lines": 0, "num_statements": 100, "percent_covered": 0.0, "percent_covered_display": "0", "missing_lines": 100, "excluded_lines": 0, "percent_statements_covered": 0.0, "percent_statements_covered_display": "0"}, "missing_lines": [3, 5, 6, 7, 9, 12, 13, 15, 16, 17, 18, 19, 20, 21, 24, 27, 33, 34, 35, 36, 37, 39, 41, 42, 43, 44, 46, 63, 64, 67, 68, 69, 72, 73, 76, 77, 78, 81, 83, 84, 86, 88, 108, 109, 112, 113, 114, 116, 117, 118, 121, 131, 134, 135, 137, 139, 153, 154, 156, 157, 159, 160, 162, 165, 166, 169, 170, 173, 174, 177, 178, 179, 180, 183, 184, 186, 188, 209, 210, 211, 212, 215, 218, 221, 234, 236, 238, 249, 251, 252, 253, 255, 257, 259, 266, 267, 268, 269, 272, 274], "excluded_lines": [], "functions": {"TradeSimulator.__init__": {"executed_lines": [], "summary": {"covered_lines": 0, "num_statements": 5, "percent_covered": 0.0, "percent_covered_display": "0", "missing_lines": 5, "excluded_lines": 0, "percent_statements_covered": 0.0, "percent_statements_covered_display": "0"}, "missing_lines": [33, 34, 35, 36, 37], "excluded_lines": [], "start_line": 27}, "TradeSimulator.reset": {"executed_lines": [], "summary": {"covered_lines": 0, "num_statements": 4, "percent_covered": 0.0, "percent_covered_display": "0", "missing_lines": 4, "excluded_lines": 0, "percent_statements_covered": 0.0, "percent_statements_covered_display": "0"}, "missing_lines": [41, 42, 43, 44], "excluded_lines": [], "start_line": 39}, "TradeSimulator.can_enter_position": {"executed_lines": [], "summary": {"covered_lines": 0, "num_statements": 14, "percent_covered": 0.0, "percent_covered_display": "0", "missing_lines": 14, "excluded_lines": 0, "percent_statements_covered": 0.0, "percent_statements_covered_display": "0"}, "missing_lines": [63, 64, 67, 68, 69, 72, 73, 76, 77, 78, 81, 83, 84, 86], "excluded_lines": [], "start_line": 46}, "TradeSimulator.enter_position": {"executed_lines": [], "summary": {"covered_lines": 0, "num_statements": 13, "percent_covered": 0.0, "percent_covered_display": "0", "missing_lines": 13, "excluded_lines": 0, "percent_statements_covered": 0.0, "percent_statements_covered_display": "0"}, "missing_lines": [108, 109, 112, 113, 114, 116, 117, 118, 121, 131, 134, 135, 137], "excluded_lines": [], "start_line": 88}, "TradeSimulator.check_exits": {"executed_lines": [], "summary": {"covered_lines": 0, "num_statements": 20, "percent_covered": 0.0, "percent_covered_display": "0", "missing_lines": 20, "excluded_lines": 0, "percent_statements_covered": 0.0, "percent_statements_covered_display": "0"}, "missing_lines": [153, 154, 156, 157, 159, 160, 162, 165, 166, 169, 170, 173, 174, 177, 178, 179, 180, 183, 184, 186], "excluded_lines": [], "start_line": 139}, "TradeSimulator._close_position": {"executed_lines": [], "summary": {"covered_lines": 0, "num_statements": 9, "percent_covered": 0.0, "percent_covered_display": "0", "missing_lines": 9, "excluded_lines": 0, "percent_statements_covered": 0.0, "percent_statements_covered_display": "0"}, "missing_lines": [209, 210, 211, 212, 215, 218, 221, 234, 236], "excluded_lines": [], "start_line": 188}, "TradeSimulator.close_all_positions": {"executed_lines": [], "summary": {"covered_lines": 0, "num_statements": 6, "percent_covered": 0.0, "percent_covered_display": "0", "missing_lines": 6, "excluded_lines": 0, "percent_statements_covered": 0.0, "percent_statements_covered_display": "0"}, "missing_lines": [249, 251, 252, 253, 255, 257], "excluded_lines": [], "start_line": 238}, "TradeSimulator.update_equity_curve": {"executed_lines": [], "summary": {"covered_lines": 0, "num_statements": 6, "percent_covered": 0.0, "percent_covered_display": "0", "missing_lines": 6, "excluded_lines": 0, "percent_statements_covered": 0.0, "percent_statements_covered_display": "0"}, "missing_lines": [266, 267, 268, 269, 272, 274], "excluded_lines": [], "start_line": 259}, "": {"executed_lines": [], "summary": {"covered_lines": 0, "num_statements": 23, "percent_covered": 0.0, "percent_covered_display": "0", "missing_lines": 23, "excluded_lines": 0, "percent_statements_covered": 0.0, "percent_statements_covered_display": "0"}, "missing_lines": [3, 5, 6, 7, 9, 12, 13, 15, 16, 17, 18, 19, 20, 21, 24, 27, 39, 46, 88, 139, 188, 238, 259], "excluded_lines": [], "start_line": 1}}, "classes": {"Position": {"executed_lines": [], "summary": {"covered_lines": 0, "num_statements": 0, "percent_covered": 100.0, "percent_covered_display": "100", "missing_lines": 0, "excluded_lines": 0, "percent_statements_covered": 100.0, "percent_statements_covered_display": "100"}, "missing_lines": [], "excluded_lines": [], "start_line": 13}, "TradeSimulator": {"executed_lines": [], "summary": {"covered_lines": 0, "num_statements": 77, "percent_covered": 0.0, "percent_covered_display": "0", "missing_lines": 77, "excluded_lines": 0, "percent_statements_covered": 0.0, "percent_statements_covered_display": "0"}, "missing_lines": [33, 34, 35, 36, 37, 41, 42, 43, 44, 63, 64, 67, 68, 69, 72, 73, 76, 77, 78, 81, 83, 84, 86, 108, 109, 112, 113, 114, 116, 117, 118, 121, 131, 134, 135, 137, 153, 154, 156, 157, 159, 160, 162, 165, 166, 169, 170, 173, 174, 177, 178, 179, 180, 183, 184, 186, 209, 210, 211, 212, 215, 218, 221, 234, 236, 249, 251, 252, 253, 255, 257, 266, 267, 268, 269, 272, 274], "excluded_lines": [], "start_line": 24}, "": {"executed_lines": [], "summary": {"covered_lines": 0, "num_statements": 23, "percent_covered": 0.0, "percent_covered_display": "0", "missing_lines": 23, "excluded_lines": 0, "percent_statements_covered": 0.0, "percent_statements_covered_display": "0"}, "missing_lines": [3, 5, 6, 7, 9, 12, 13, 15, 16, 17, 18, 19, 20, 21, 24, 27, 39, 46, 88, 139, 188, 238, 259], "excluded_lines": [], "start_line": 1}}}, "src/stock_swing/cli/__init__.py": {"executed_lines": [], "summary": {"covered_lines": 0, "num_statements": 0, "percent_covered": 100.0, "percent_covered_display": "100", "missing_lines": 0, "excluded_lines": 0, "percent_statements_covered": 100.0, "percent_statements_covered_display": "100"}, "missing_lines": [], "excluded_lines": [], "functions": {"": {"executed_lines": [], "summary": {"covered_lines": 0, "num_statements": 0, "percent_covered": 100.0, "percent_covered_display": "100", "missing_lines": 0, "excluded_lines": 0, "percent_statements_covered": 100.0, "percent_statements_covered_display": "100"}, "missing_lines": [], "excluded_lines": [], "start_line": 1}}, "classes": {"": {"executed_lines": [], "summary": {"covered_lines": 0, "num_statements": 0, "percent_covered": 100.0, "percent_covered_display": "100", "missing_lines": 0, "excluded_lines": 0, "percent_statements_covered": 100.0, "percent_statements_covered_display": "100"}, "missing_lines": [], "excluded_lines": [], "start_line": 1}}}, "src/stock_swing/cli/analyze_data.py": {"executed_lines": [], "summary": {"covered_lines": 0, "num_statements": 148, "percent_covered": 0.0, "percent_covered_display": "0", "missing_lines": 148, "excluded_lines": 0, "percent_statements_covered": 0.0, "percent_statements_covered_display": "0"}, "missing_lines": [15, 16, 17, 18, 19, 20, 23, 24, 26, 27, 28, 29, 30, 31, 32, 33, 36, 37, 38, 44, 45, 46, 47, 48, 49, 51, 52, 53, 55, 56, 57, 58, 60, 61, 62, 63, 64, 65, 66, 67, 68, 70, 71, 72, 74, 75, 77, 78, 79, 80, 82, 83, 84, 85, 86, 88, 89, 90, 91, 92, 94, 95, 96, 97, 98, 100, 101, 102, 103, 104, 106, 107, 108, 109, 110, 111, 112, 115, 116, 117, 123, 124, 125, 126, 127, 128, 129, 130, 131, 138, 139, 140, 141, 142, 143, 144, 145, 146, 147, 148, 149, 152, 153, 154, 155, 156, 157, 158, 159, 181, 184, 185, 186, 187, 188, 189, 190, 191, 192, 193, 194, 195, 196, 199, 200, 201, 202, 203, 204, 205, 208, 209, 210, 211, 212, 213, 214, 215, 216, 217, 220, 221, 222, 223, 232, 233, 236, 237], "excluded_lines": [], "functions": {"main": {"executed_lines": [], "summary": {"covered_lines": 0, "num_statements": 60, "percent_covered": 0.0, "percent_covered_display": "0", "missing_lines": 60, "excluded_lines": 0, "percent_statements_covered": 0.0, "percent_statements_covered_display": "0"}, "missing_lines": [37, 38, 44, 45, 46, 47, 48, 49, 51, 52, 53, 55, 56, 57, 58, 60, 61, 62, 63, 64, 65, 66, 67, 68, 70, 71, 72, 74, 75, 77, 78, 79, 80, 82, 83, 84, 85, 86, 88, 89, 90, 91, 92, 94, 95, 96, 97, 98, 100, 101, 102, 103, 104, 106, 107, 108, 109, 110, 111, 112], "excluded_lines": [], "start_line": 36}, "normalize_data": {"executed_lines": [], "summary": {"covered_lines": 0, "num_statements": 23, "percent_covered": 0.0, "percent_covered_display": "0", "missing_lines": 23, "excluded_lines": 0, "percent_statements_covered": 0.0, "percent_statements_covered_display": "0"}, "missing_lines": [116, 117, 123, 124, 125, 126, 127, 128, 129, 130, 131, 138, 139, 140, 141, 142, 143, 144, 145, 146, 147, 148, 149], "excluded_lines": [], "start_line": 115}, "normalize_broker_bars_fallback": {"executed_lines": [], "summary": {"covered_lines": 0, "num_statements": 8, "percent_covered": 0.0, "percent_covered_display": "0", "missing_lines": 8, "excluded_lines": 0, "percent_statements_covered": 0.0, "percent_statements_covered_display": "0"}, "missing_lines": [153, 154, 155, 156, 157, 158, 159, 181], "excluded_lines": [], "start_line": 152}, "extract_features": {"executed_lines": [], "summary": {"covered_lines": 0, "num_statements": 12, "percent_covered": 0.0, "percent_covered_display": "0", "missing_lines": 12, "excluded_lines": 0, "percent_statements_covered": 0.0, "percent_statements_covered_display": "0"}, "missing_lines": [185, 186, 187, 188, 189, 190, 191, 192, 193, 194, 195, 196], "excluded_lines": [], "start_line": 184}, "generate_signals": {"executed_lines": [], "summary": {"covered_lines": 0, "num_statements": 6, "percent_covered": 0.0, "percent_covered_display": "0", "missing_lines": 6, "excluded_lines": 0, "percent_statements_covered": 0.0, "percent_statements_covered_display": "0"}, "missing_lines": [200, 201, 202, 203, 204, 205], "excluded_lines": [], "start_line": 199}, "create_decisions": {"executed_lines": [], "summary": {"covered_lines": 0, "num_statements": 9, "percent_covered": 0.0, "percent_covered_display": "0", "missing_lines": 9, "excluded_lines": 0, "percent_statements_covered": 0.0, "percent_statements_covered_display": "0"}, "missing_lines": [209, 210, 211, 212, 213, 214, 215, 216, 217], "excluded_lines": [], "start_line": 208}, "generate_reports": {"executed_lines": [], "summary": {"covered_lines": 0, "num_statements": 5, "percent_covered": 0.0, "percent_covered_display": "0", "missing_lines": 5, "excluded_lines": 0, "percent_statements_covered": 0.0, "percent_statements_covered_display": "0"}, "missing_lines": [221, 222, 223, 232, 233], "excluded_lines": [], "start_line": 220}, "": {"executed_lines": [], "summary": {"covered_lines": 0, "num_statements": 25, "percent_covered": 0.0, "percent_covered_display": "0", "missing_lines": 25, "excluded_lines": 0, "percent_statements_covered": 0.0, "percent_statements_covered_display": "0"}, "missing_lines": [15, 16, 17, 18, 19, 20, 23, 24, 26, 27, 28, 29, 30, 31, 32, 33, 36, 115, 152, 184, 199, 208, 220, 236, 237], "excluded_lines": [], "start_line": 1}}, "classes": {"": {"executed_lines": [], "summary": {"covered_lines": 0, "num_statements": 148, "percent_covered": 0.0, "percent_covered_display": "0", "missing_lines": 148, "excluded_lines": 0, "percent_statements_covered": 0.0, "percent_statements_covered_display": "0"}, "missing_lines": [15, 16, 17, 18, 19, 20, 23, 24, 26, 27, 28, 29, 30, 31, 32, 33, 36, 37, 38, 44, 45, 46, 47, 48, 49, 51, 52, 53, 55, 56, 57, 58, 60, 61, 62, 63, 64, 65, 66, 67, 68, 70, 71, 72, 74, 75, 77, 78, 79, 80, 82, 83, 84, 85, 86, 88, 89, 90, 91, 92, 94, 95, 96, 97, 98, 100, 101, 102, 103, 104, 106, 107, 108, 109, 110, 111, 112, 115, 116, 117, 123, 124, 125, 126, 127, 128, 129, 130, 131, 138, 139, 140, 141, 142, 143, 144, 145, 146, 147, 148, 149, 152, 153, 154, 155, 156, 157, 158, 159, 181, 184, 185, 186, 187, 188, 189, 190, 191, 192, 193, 194, 195, 196, 199, 200, 201, 202, 203, 204, 205, 208, 209, 210, 211, 212, 213, 214, 215, 216, 217, 220, 221, 222, 223, 232, 233, 236, 237], "excluded_lines": [], "start_line": 1}}}, "src/stock_swing/cli/backfill_pnl_state.py": {"executed_lines": [], "summary": {"covered_lines": 0, "num_statements": 208, "percent_covered": 0.0, "percent_covered_display": "0", "missing_lines": 208, "excluded_lines": 0, "percent_statements_covered": 0.0, "percent_statements_covered_display": "0"}, "missing_lines": [11, 13, 14, 15, 16, 17, 18, 19, 20, 21, 22, 24, 25, 27, 28, 29, 30, 33, 36, 37, 38, 39, 40, 41, 42, 43, 44, 45, 46, 47, 48, 49, 50, 51, 52, 53, 55, 56, 57, 60, 61, 67, 68, 71, 72, 73, 74, 75, 76, 79, 87, 88, 89, 90, 91, 93, 94, 95, 96, 97, 98, 99, 100, 101, 102, 103, 104, 105, 106, 107, 108, 111, 112, 113, 114, 115, 116, 117, 118, 119, 120, 121, 124, 125, 126, 127, 128, 129, 130, 131, 132, 133, 134, 135, 136, 137, 138, 139, 140, 143, 144, 145, 146, 147, 148, 149, 150, 151, 152, 155, 161, 162, 176, 177, 178, 179, 180, 181, 182, 184, 185, 186, 187, 188, 189, 190, 191, 192, 193, 195, 197, 198, 199, 200, 202, 203, 222, 223, 224, 225, 227, 228, 229, 230, 232, 233, 234, 235, 236, 237, 239, 240, 241, 242, 244, 245, 254, 256, 257, 258, 269, 271, 272, 273, 274, 275, 276, 278, 279, 286, 297, 300, 301, 302, 303, 304, 305, 306, 309, 310, 311, 312, 313, 315, 316, 317, 319, 320, 321, 322, 323, 325, 326, 327, 329, 330, 331, 332, 334, 336, 350, 351, 352, 353, 355, 356, 359, 360], "excluded_lines": [], "functions": {"load_decisions": {"executed_lines": [], "summary": {"covered_lines": 0, "num_statements": 20, "percent_covered": 0.0, "percent_covered_display": "0", "missing_lines": 20, "excluded_lines": 0, "percent_statements_covered": 0.0, "percent_statements_covered_display": "0"}, "missing_lines": [37, 38, 39, 40, 41, 42, 43, 44, 45, 46, 47, 48, 49, 50, 51, 52, 53, 55, 56, 57], "excluded_lines": [], "start_line": 36}, "order_intent_dt": {"executed_lines": [], "summary": {"covered_lines": 0, "num_statements": 3, "percent_covered": 0.0, "percent_covered_display": "0", "missing_lines": 3, "excluded_lines": 0, "percent_statements_covered": 0.0, "percent_statements_covered_display": "0"}, "missing_lines": [61, 67, 68], "excluded_lines": [], "start_line": 60}, "order_fill_dt": {"executed_lines": [], "summary": {"covered_lines": 0, "num_statements": 5, "percent_covered": 0.0, "percent_covered_display": "0", "missing_lines": 5, "excluded_lines": 0, "percent_statements_covered": 0.0, "percent_statements_covered_display": "0"}, "missing_lines": [72, 73, 74, 75, 76], "excluded_lines": [], "start_line": 71}, "match_decision": {"executed_lines": [], "summary": {"covered_lines": 0, "num_statements": 21, "percent_covered": 0.0, "percent_covered_display": "0", "missing_lines": 21, "excluded_lines": 0, "percent_statements_covered": 0.0, "percent_statements_covered_display": "0"}, "missing_lines": [87, 88, 89, 90, 91, 93, 94, 95, 96, 97, 98, 99, 100, 101, 102, 103, 104, 105, 106, 107, 108], "excluded_lines": [], "start_line": 79}, "infer_exit_reason": {"executed_lines": [], "summary": {"covered_lines": 0, "num_statements": 10, "percent_covered": 0.0, "percent_covered_display": "0", "missing_lines": 10, "excluded_lines": 0, "percent_statements_covered": 0.0, "percent_statements_covered_display": "0"}, "missing_lines": [112, 113, 114, 115, 116, 117, 118, 119, 120, 121], "excluded_lines": [], "start_line": 111}, "normalize_orders": {"executed_lines": [], "summary": {"covered_lines": 0, "num_statements": 16, "percent_covered": 0.0, "percent_covered_display": "0", "missing_lines": 16, "excluded_lines": 0, "percent_statements_covered": 0.0, "percent_statements_covered_display": "0"}, "missing_lines": [125, 126, 127, 128, 129, 130, 131, 132, 133, 134, 135, 136, 137, 138, 139, 140], "excluded_lines": [], "start_line": 124}, "infer_default_strategy": {"executed_lines": [], "summary": {"covered_lines": 0, "num_statements": 9, "percent_covered": 0.0, "percent_covered_display": "0", "missing_lines": 9, "excluded_lines": 0, "percent_statements_covered": 0.0, "percent_statements_covered_display": "0"}, "missing_lines": [144, 145, 146, 147, 148, 149, 150, 151, 152], "excluded_lines": [], "start_line": 143}, "backfill_state": {"executed_lines": [], "summary": {"covered_lines": 0, "num_statements": 61, "percent_covered": 0.0, "percent_covered_display": "0", "missing_lines": 61, "excluded_lines": 0, "percent_statements_covered": 0.0, "percent_statements_covered_display": "0"}, "missing_lines": [161, 162, 176, 177, 178, 179, 180, 181, 182, 184, 185, 186, 187, 188, 189, 190, 191, 192, 193, 195, 197, 198, 199, 200, 202, 203, 222, 223, 224, 225, 227, 228, 229, 230, 232, 233, 234, 235, 236, 237, 239, 240, 241, 242, 244, 245, 254, 256, 257, 258, 269, 271, 272, 273, 274, 275, 276, 278, 279, 286, 297], "excluded_lines": [], "start_line": 155}, "save_state": {"executed_lines": [], "summary": {"covered_lines": 0, "num_statements": 6, "percent_covered": 0.0, "percent_covered_display": "0", "missing_lines": 6, "excluded_lines": 0, "percent_statements_covered": 0.0, "percent_statements_covered_display": "0"}, "missing_lines": [301, 302, 303, 304, 305, 306], "excluded_lines": [], "start_line": 300}, "main": {"executed_lines": [], "summary": {"covered_lines": 0, "num_statements": 27, "percent_covered": 0.0, "percent_covered_display": "0", "missing_lines": 27, "excluded_lines": 0, "percent_statements_covered": 0.0, "percent_statements_covered_display": "0"}, "missing_lines": [310, 311, 312, 313, 315, 316, 317, 319, 320, 321, 322, 323, 325, 326, 327, 329, 330, 331, 332, 334, 336, 350, 351, 352, 353, 355, 356], "excluded_lines": [], "start_line": 309}, "": {"executed_lines": [], "summary": {"covered_lines": 0, "num_statements": 30, "percent_covered": 0.0, "percent_covered_display": "0", "missing_lines": 30, "excluded_lines": 0, "percent_statements_covered": 0.0, "percent_statements_covered_display": "0"}, "missing_lines": [11, 13, 14, 15, 16, 17, 18, 19, 20, 21, 22, 24, 25, 27, 28, 29, 30, 33, 36, 60, 71, 79, 111, 124, 143, 155, 300, 309, 359, 360], "excluded_lines": [], "start_line": 1}}, "classes": {"": {"executed_lines": [], "summary": {"covered_lines": 0, "num_statements": 208, "percent_covered": 0.0, "percent_covered_display": "0", "missing_lines": 208, "excluded_lines": 0, "percent_statements_covered": 0.0, "percent_statements_covered_display": "0"}, "missing_lines": [11, 13, 14, 15, 16, 17, 18, 19, 20, 21, 22, 24, 25, 27, 28, 29, 30, 33, 36, 37, 38, 39, 40, 41, 42, 43, 44, 45, 46, 47, 48, 49, 50, 51, 52, 53, 55, 56, 57, 60, 61, 67, 68, 71, 72, 73, 74, 75, 76, 79, 87, 88, 89, 90, 91, 93, 94, 95, 96, 97, 98, 99, 100, 101, 102, 103, 104, 105, 106, 107, 108, 111, 112, 113, 114, 115, 116, 117, 118, 119, 120, 121, 124, 125, 126, 127, 128, 129, 130, 131, 132, 133, 134, 135, 136, 137, 138, 139, 140, 143, 144, 145, 146, 147, 148, 149, 150, 151, 152, 155, 161, 162, 176, 177, 178, 179, 180, 181, 182, 184, 185, 186, 187, 188, 189, 190, 191, 192, 193, 195, 197, 198, 199, 200, 202, 203, 222, 223, 224, 225, 227, 228, 229, 230, 232, 233, 234, 235, 236, 237, 239, 240, 241, 242, 244, 245, 254, 256, 257, 258, 269, 271, 272, 273, 274, 275, 276, 278, 279, 286, 297, 300, 301, 302, 303, 304, 305, 306, 309, 310, 311, 312, 313, 315, 316, 317, 319, 320, 321, 322, 323, 325, 326, 327, 329, 330, 331, 332, 334, 336, 350, 351, 352, 353, 355, 356, 359, 360], "excluded_lines": [], "start_line": 1}}}, "src/stock_swing/cli/broker_healthcheck.py": {"executed_lines": [], "summary": {"covered_lines": 0, "num_statements": 44, "percent_covered": 0.0, "percent_covered_display": "0", "missing_lines": 44, "excluded_lines": 0, "percent_statements_covered": 0.0, "percent_statements_covered_display": "0"}, "missing_lines": [4, 6, 7, 8, 10, 11, 13, 14, 17, 19, 20, 22, 23, 24, 25, 26, 27, 28, 29, 32, 33, 35, 36, 37, 38, 39, 41, 42, 43, 44, 45, 47, 48, 49, 51, 58, 59, 60, 61, 62, 64, 73, 76, 77], "excluded_lines": [], "functions": {"_read_env_file": {"executed_lines": [], "summary": {"covered_lines": 0, "num_statements": 10, "percent_covered": 0.0, "percent_covered_display": "0", "missing_lines": 10, "excluded_lines": 0, "percent_statements_covered": 0.0, "percent_statements_covered_display": "0"}, "missing_lines": [19, 20, 22, 23, 24, 25, 26, 27, 28, 29], "excluded_lines": [], "start_line": 17}, "main": {"executed_lines": [], "summary": {"covered_lines": 0, "num_statements": 22, "percent_covered": 0.0, "percent_covered_display": "0", "missing_lines": 22, "excluded_lines": 0, "percent_statements_covered": 0.0, "percent_statements_covered_display": "0"}, "missing_lines": [33, 35, 36, 37, 38, 39, 41, 42, 43, 44, 45, 47, 48, 49, 51, 58, 59, 60, 61, 62, 64, 73], "excluded_lines": [], "start_line": 32}, "": {"executed_lines": [], "summary": {"covered_lines": 0, "num_statements": 12, "percent_covered": 0.0, "percent_covered_display": "0", "missing_lines": 12, "excluded_lines": 0, "percent_statements_covered": 0.0, "percent_statements_covered_display": "0"}, "missing_lines": [4, 6, 7, 8, 10, 11, 13, 14, 17, 32, 76, 77], "excluded_lines": [], "start_line": 1}}, "classes": {"": {"executed_lines": [], "summary": {"covered_lines": 0, "num_statements": 44, "percent_covered": 0.0, "percent_covered_display": "0", "missing_lines": 44, "excluded_lines": 0, "percent_statements_covered": 0.0, "percent_statements_covered_display": "0"}, "missing_lines": [4, 6, 7, 8, 10, 11, 13, 14, 17, 19, 20, 22, 23, 24, 25, 26, 27, 28, 29, 32, 33, 35, 36, 37, 38, 39, 41, 42, 43, 44, 45, 47, 48, 49, 51, 58, 59, 60, 61, 62, 64, 73, 76, 77], "excluded_lines": [], "start_line": 1}}}, "src/stock_swing/cli/collect_data.py": {"executed_lines": [7, 8, 9, 10, 11, 12, 13, 14, 16, 17, 19, 20, 21, 22, 23, 24, 25, 26, 29, 32, 33, 34, 35, 36, 37, 38, 39, 45, 50, 51, 53, 54, 56, 57, 58, 59, 60, 61, 62, 64, 65, 66, 67, 75, 183, 197, 198, 199, 200, 214, 215, 231, 232, 233, 234, 235, 238, 239, 240, 254, 255, 256, 257, 258, 262, 264, 265, 272, 274, 275, 276, 284, 297, 298, 299, 324, 325, 337, 349, 350, 351, 356, 359, 360, 361, 362, 367, 370, 371, 372, 373, 378, 381, 382, 383, 384, 389, 392, 403, 488], "summary": {"covered_lines": 100, "num_statements": 264, "percent_covered": 37.878787878787875, "percent_covered_display": "38", "missing_lines": 164, "excluded_lines": 0, "percent_statements_covered": 37.878787878787875, "percent_statements_covered_display": "38"}, "missing_lines": [77, 78, 79, 83, 84, 85, 86, 87, 88, 90, 91, 92, 93, 96, 97, 98, 99, 100, 101, 102, 103, 104, 105, 107, 108, 110, 111, 113, 114, 116, 117, 118, 123, 124, 126, 127, 128, 129, 130, 132, 133, 134, 135, 137, 138, 139, 140, 142, 143, 144, 145, 147, 149, 150, 151, 152, 153, 154, 155, 156, 157, 158, 159, 160, 161, 163, 164, 165, 178, 179, 180, 236, 237, 241, 242, 252, 253, 266, 270, 271, 273, 277, 278, 279, 280, 281, 282, 283, 285, 295, 300, 301, 302, 303, 304, 305, 306, 308, 309, 310, 311, 312, 313, 314, 315, 316, 317, 318, 319, 321, 322, 326, 336, 393, 394, 395, 400, 415, 418, 419, 420, 421, 422, 424, 425, 426, 427, 429, 430, 431, 432, 433, 435, 436, 437, 438, 440, 442, 443, 445, 446, 447, 448, 449, 450, 451, 453, 454, 456, 457, 458, 461, 462, 463, 474, 475, 477, 478, 479, 481, 482, 483, 485, 489], "excluded_lines": [], "functions": {"main": {"executed_lines": [33, 34, 35, 36, 37, 38, 39, 45, 50, 51, 53, 54, 56, 57, 58, 59, 60, 61, 62, 64, 65, 66, 67, 75], "summary": {"covered_lines": 24, "num_statements": 93, "percent_covered": 25.806451612903224, "percent_covered_display": "26", "missing_lines": 69, "excluded_lines": 0, "percent_statements_covered": 25.806451612903224, "percent_statements_covered_display": "26"}, "missing_lines": [77, 78, 79, 83, 84, 85, 86, 87, 88, 90, 91, 92, 93, 96, 97, 98, 99, 100, 101, 102, 103, 104, 105, 107, 110, 113, 114, 116, 117, 118, 123, 124, 126, 127, 128, 129, 130, 132, 133, 134, 135, 137, 138, 139, 140, 142, 143, 144, 145, 147, 149, 150, 151, 152, 153, 154, 155, 156, 157, 158, 159, 160, 161, 163, 164, 165, 178, 179, 180], "excluded_lines": [], "start_line": 32}, "main._is_required": {"executed_lines": [], "summary": {"covered_lines": 0, "num_statements": 1, "percent_covered": 0.0, "percent_covered_display": "0", "missing_lines": 1, "excluded_lines": 0, "percent_statements_covered": 0.0, "percent_statements_covered_display": "0"}, "missing_lines": [108], "excluded_lines": [], "start_line": 107}, "main._is_not_implemented": {"executed_lines": [], "summary": {"covered_lines": 0, "num_statements": 1, "percent_covered": 0.0, "percent_covered_display": "0", "missing_lines": 1, "excluded_lines": 0, "percent_statements_covered": 0.0, "percent_statements_covered_display": "0"}, "missing_lines": [111], "excluded_lines": [], "start_line": 110}, "_write_raw_snapshot": {"executed_lines": [197, 198, 199, 200, 214, 215], "summary": {"covered_lines": 6, "num_statements": 6, "percent_covered": 100.0, "percent_covered_display": "100", "missing_lines": 0, "excluded_lines": 0, "percent_statements_covered": 100.0, "percent_statements_covered_display": "100"}, "missing_lines": [], "excluded_lines": [], "start_line": 183}, "collect_finnhub": {"executed_lines": [232, 233, 234, 235, 238, 239, 240, 254, 255, 256, 257, 258, 262, 264, 265, 272, 274, 275, 276, 284, 297, 298, 299, 324, 325, 337, 349, 350, 351, 356], "summary": {"covered_lines": 30, "num_statements": 72, "percent_covered": 41.666666666666664, "percent_covered_display": "42", "missing_lines": 42, "excluded_lines": 0, "percent_statements_covered": 41.666666666666664, "percent_statements_covered_display": "42"}, "missing_lines": [236, 237, 241, 242, 252, 253, 266, 270, 271, 273, 277, 278, 279, 280, 281, 282, 283, 285, 295, 300, 301, 302, 303, 304, 305, 306, 308, 309, 310, 311, 312, 313, 314, 315, 316, 317, 318, 319, 321, 322, 326, 336], "excluded_lines": [], "start_line": 231}, "collect_fred": {"executed_lines": [360, 361, 362, 367], "summary": {"covered_lines": 4, "num_statements": 4, "percent_covered": 100.0, "percent_covered_display": "100", "missing_lines": 0, "excluded_lines": 0, "percent_statements_covered": 100.0, "percent_statements_covered_display": "100"}, "missing_lines": [], "excluded_lines": [], "start_line": 359}, "collect_sec": {"executed_lines": [371, 372, 373, 378], "summary": {"covered_lines": 4, "num_statements": 4, "percent_covered": 100.0, "percent_covered_display": "100", "missing_lines": 0, "excluded_lines": 0, "percent_statements_covered": 100.0, "percent_statements_covered_display": "100"}, "missing_lines": [], "excluded_lines": [], "start_line": 370}, "collect_broker": {"executed_lines": [382, 383, 384, 389], "summary": {"covered_lines": 4, "num_statements": 4, "percent_covered": 100.0, "percent_covered_display": "100", "missing_lines": 0, "excluded_lines": 0, "percent_statements_covered": 100.0, "percent_statements_covered_display": "100"}, "missing_lines": [], "excluded_lines": [], "start_line": 381}, "collect_broker_bars": {"executed_lines": [], "summary": {"covered_lines": 0, "num_statements": 4, "percent_covered": 0.0, "percent_covered_display": "0", "missing_lines": 4, "excluded_lines": 0, "percent_statements_covered": 0.0, "percent_statements_covered_display": "0"}, "missing_lines": [393, 394, 395, 400], "excluded_lines": [], "start_line": 392}, "collect_massive": {"executed_lines": [], "summary": {"covered_lines": 0, "num_statements": 46, "percent_covered": 0.0, "percent_covered_display": "0", "missing_lines": 46, "excluded_lines": 0, "percent_statements_covered": 0.0, "percent_statements_covered_display": "0"}, "missing_lines": [415, 418, 419, 420, 421, 422, 424, 425, 426, 427, 429, 430, 431, 432, 433, 435, 436, 437, 438, 440, 442, 443, 445, 446, 447, 448, 449, 450, 451, 453, 454, 456, 457, 458, 461, 462, 463, 474, 475, 477, 478, 479, 481, 482, 483, 485], "excluded_lines": [], "start_line": 403}, "": {"executed_lines": [7, 8, 9, 10, 11, 12, 13, 14, 16, 17, 19, 20, 21, 22, 23, 24, 25, 26, 29, 32, 183, 231, 359, 370, 381, 392, 403, 488], "summary": {"covered_lines": 28, "num_statements": 29, "percent_covered": 96.55172413793103, "percent_covered_display": "97", "missing_lines": 1, "excluded_lines": 0, "percent_statements_covered": 96.55172413793103, "percent_statements_covered_display": "97"}, "missing_lines": [489], "excluded_lines": [], "start_line": 1}}, "classes": {"": {"executed_lines": [7, 8, 9, 10, 11, 12, 13, 14, 16, 17, 19, 20, 21, 22, 23, 24, 25, 26, 29, 32, 33, 34, 35, 36, 37, 38, 39, 45, 50, 51, 53, 54, 56, 57, 58, 59, 60, 61, 62, 64, 65, 66, 67, 75, 183, 197, 198, 199, 200, 214, 215, 231, 232, 233, 234, 235, 238, 239, 240, 254, 255, 256, 257, 258, 262, 264, 265, 272, 274, 275, 276, 284, 297, 298, 299, 324, 325, 337, 349, 350, 351, 356, 359, 360, 361, 362, 367, 370, 371, 372, 373, 378, 381, 382, 383, 384, 389, 392, 403, 488], "summary": {"covered_lines": 100, "num_statements": 264, "percent_covered": 37.878787878787875, "percent_covered_display": "38", "missing_lines": 164, "excluded_lines": 0, "percent_statements_covered": 37.878787878787875, "percent_statements_covered_display": "38"}, "missing_lines": [77, 78, 79, 83, 84, 85, 86, 87, 88, 90, 91, 92, 93, 96, 97, 98, 99, 100, 101, 102, 103, 104, 105, 107, 108, 110, 111, 113, 114, 116, 117, 118, 123, 124, 126, 127, 128, 129, 130, 132, 133, 134, 135, 137, 138, 139, 140, 142, 143, 144, 145, 147, 149, 150, 151, 152, 153, 154, 155, 156, 157, 158, 159, 160, 161, 163, 164, 165, 178, 179, 180, 236, 237, 241, 242, 252, 253, 266, 270, 271, 273, 277, 278, 279, 280, 281, 282, 283, 285, 295, 300, 301, 302, 303, 304, 305, 306, 308, 309, 310, 311, 312, 313, 314, 315, 316, 317, 318, 319, 321, 322, 326, 336, 393, 394, 395, 400, 415, 418, 419, 420, 421, 422, 424, 425, 426, 427, 429, 430, 431, 432, 433, 435, 436, 437, 438, 440, 442, 443, 445, 446, 447, 448, 449, 450, 451, 453, 454, 456, 457, 458, 461, 462, 463, 474, 475, 477, 478, 479, 481, 482, 483, 485, 489], "excluded_lines": [], "start_line": 1}}}, "src/stock_swing/cli/cron_summary.py": {"executed_lines": [3, 5, 6, 9, 12, 14], "summary": {"covered_lines": 6, "num_statements": 6, "percent_covered": 100.0, "percent_covered_display": "100", "missing_lines": 0, "excluded_lines": 0, "percent_statements_covered": 100.0, "percent_statements_covered_display": "100"}, "missing_lines": [], "excluded_lines": [], "functions": {"emit_cron_summary": {"executed_lines": [14], "summary": {"covered_lines": 1, "num_statements": 1, "percent_covered": 100.0, "percent_covered_display": "100", "missing_lines": 0, "excluded_lines": 0, "percent_statements_covered": 100.0, "percent_statements_covered_display": "100"}, "missing_lines": [], "excluded_lines": [], "start_line": 12}, "": {"executed_lines": [3, 5, 6, 9, 12], "summary": {"covered_lines": 5, "num_statements": 5, "percent_covered": 100.0, "percent_covered_display": "100", "missing_lines": 0, "excluded_lines": 0, "percent_statements_covered": 100.0, "percent_statements_covered_display": "100"}, "missing_lines": [], "excluded_lines": [], "start_line": 1}}, "classes": {"": {"executed_lines": [3, 5, 6, 9, 12, 14], "summary": {"covered_lines": 6, "num_statements": 6, "percent_covered": 100.0, "percent_covered_display": "100", "missing_lines": 0, "excluded_lines": 0, "percent_statements_covered": 100.0, "percent_statements_covered_display": "100"}, "missing_lines": [], "excluded_lines": [], "start_line": 1}}}, "src/stock_swing/cli/daily_report.py": {"executed_lines": [12, 14, 15, 16, 17, 18, 19, 21, 22, 25, 26, 28, 29, 30, 31, 32, 33, 36, 38, 39, 40, 41, 44, 45, 50, 53, 54, 55, 56, 57, 59, 60, 61, 62, 63, 64, 68, 74, 94, 112, 198, 200, 201, 203, 204, 209, 211, 212, 214, 215, 220, 222, 223, 225, 226, 230, 231, 232, 233, 234, 235, 236, 237, 239, 240, 241, 242, 243, 244, 245, 246, 252, 255, 257, 258, 259, 260, 261, 262, 264, 268, 276, 277, 279, 280, 281, 283, 286, 313, 314, 315, 316, 319, 320, 321, 326, 327, 328, 331, 332, 333, 334, 335, 336, 337, 340, 341, 342, 343, 345, 346, 347, 348, 349, 350, 353, 354, 355, 356, 357, 358, 359, 360, 361, 362, 365, 366, 367, 368, 376, 378, 379, 381, 382, 383, 384, 386, 387, 389, 390, 393, 394, 395, 396, 397, 398, 400, 401, 402, 403, 404, 405, 406, 407, 408, 409, 410, 411, 412, 413, 414, 415, 416, 422, 424, 425, 428, 429, 430, 431, 432, 433, 434, 435, 436, 437, 438, 446, 449, 451, 452, 455, 456, 457, 458, 459, 461, 462, 463, 464, 465, 466, 467, 468, 469, 471, 472, 473, 474, 475, 476, 479, 480, 481, 482, 485, 486, 487, 490, 522, 588], "summary": {"covered_lines": 211, "num_statements": 358, "percent_covered": 58.93854748603352, "percent_covered_display": "59", "missing_lines": 147, "excluded_lines": 0, "percent_statements_covered": 58.93854748603352, "percent_statements_covered_display": "59"}, "missing_lines": [27, 66, 75, 76, 77, 78, 79, 80, 81, 82, 83, 84, 89, 90, 91, 95, 96, 97, 98, 99, 100, 101, 103, 104, 105, 107, 108, 109, 115, 116, 117, 118, 119, 122, 123, 124, 125, 127, 128, 129, 130, 131, 132, 134, 136, 137, 164, 165, 168, 176, 177, 179, 180, 181, 182, 183, 185, 186, 188, 189, 190, 191, 193, 195, 202, 205, 206, 213, 216, 217, 224, 227, 228, 263, 265, 287, 288, 289, 294, 295, 297, 298, 300, 301, 302, 303, 305, 306, 307, 308, 309, 310, 380, 421, 470, 499, 500, 502, 503, 504, 505, 506, 507, 508, 509, 511, 512, 514, 516, 517, 518, 519, 524, 525, 526, 527, 529, 530,
[...]
lines": 0, "percent_statements_covered": 100.0, "percent_statements_covered_display": "100"}, "missing_lines": [], "excluded_lines": [], "start_line": 70}, "": {"executed_lines": [21, 23, 24, 25, 27, 30, 70], "summary": {"covered_lines": 7, "num_statements": 7, "percent_covered": 100.0, "percent_covered_display": "100", "missing_lines": 0, "excluded_lines": 0, "percent_statements_covered": 100.0, "percent_statements_covered_display": "100"}, "missing_lines": [], "excluded_lines": [], "start_line": 1}}, "classes": {"": {"executed_lines": [21, 23, 24, 25, 27, 30, 47, 48, 54, 55, 58, 59, 60, 63, 64, 65, 67, 70, 84, 85, 86, 88, 89, 90, 91], "summary": {"covered_lines": 25, "num_statements": 25, "percent_covered": 100.0, "percent_covered_display": "100", "missing_lines": 0, "excluded_lines": 0, "percent_statements_covered": 100.0, "percent_statements_covered_display": "100"}, "missing_lines": [], "excluded_lines": [], "start_line": 1}}}, "src/stock_swing/utils/mtime_cache.py": {"executed_lines": [23, 25, 26, 27, 28, 29, 31, 34, 35, 36, 37, 38, 41, 53, 54, 55, 56, 58, 77, 78, 79, 81, 82, 83, 84, 85, 86, 88, 89, 90, 92, 93, 94, 95, 98, 100, 102, 103, 104, 106, 108, 110, 111, 112, 114, 116, 118, 119, 121, 122, 123, 124, 131, 132, 136, 139], "summary": {"covered_lines": 56, "num_statements": 56, "percent_covered": 100.0, "percent_covered_display": "100", "missing_lines": 0, "excluded_lines": 0, "percent_statements_covered": 100.0, "percent_statements_covered_display": "100"}, "missing_lines": [], "excluded_lines": [], "functions": {"MtimeFileCache.__init__": {"executed_lines": [54, 55, 56], "summary": {"covered_lines": 3, "num_statements": 3, "percent_covered": 100.0, "percent_covered_display": "100", "missing_lines": 0, "excluded_lines": 0, "percent_statements_covered": 100.0, "percent_statements_covered_display": "100"}, "missing_lines": [], "excluded_lines": [], "start_line": 53}, "MtimeFileCache.get": {"executed_lines": [77, 78, 79, 81, 82, 83, 84, 85, 86, 88, 89, 90, 92, 93, 94, 95, 98, 100, 102, 103, 104, 106], "summary": {"covered_lines": 22, "num_statements": 22, "percent_covered": 100.0, "percent_covered_display": "100", "missing_lines": 0, "excluded_lines": 0, "percent_statements_covered": 100.0, "percent_statements_covered_display": "100"}, "missing_lines": [], "excluded_lines": [], "start_line": 58}, "MtimeFileCache.invalidate": {"executed_lines": [110, 111, 112, 114], "summary": {"covered_lines": 4, "num_statements": 4, "percent_covered": 100.0, "percent_covered_display": "100", "missing_lines": 0, "excluded_lines": 0, "percent_statements_covered": 100.0, "percent_statements_covered_display": "100"}, "missing_lines": [], "excluded_lines": [], "start_line": 108}, "MtimeFileCache.is_cached": {"executed_lines": [118, 119], "summary": {"covered_lines": 2, "num_statements": 2, "percent_covered": 100.0, "percent_covered_display": "100", "missing_lines": 0, "excluded_lines": 0, "percent_statements_covered": 100.0, "percent_statements_covered_display": "100"}, "missing_lines": [], "excluded_lines": [], "start_line": 116}, "MtimeFileCache.cached_paths": {"executed_lines": [123, 124], "summary": {"covered_lines": 2, "num_statements": 2, "percent_covered": 100.0, "percent_covered_display": "100", "missing_lines": 0, "excluded_lines": 0, "percent_statements_covered": 100.0, "percent_statements_covered_display": "100"}, "missing_lines": [], "excluded_lines": [], "start_line": 122}, "_load_json": {"executed_lines": [132], "summary": {"covered_lines": 1, "num_statements": 1, "percent_covered": 100.0, "percent_covered_display": "100", "missing_lines": 0, "excluded_lines": 0, "percent_statements_covered": 100.0, "percent_statements_covered_display": "100"}, "missing_lines": [], "excluded_lines": [], "start_line": 131}, "": {"executed_lines": [23, 25, 26, 27, 28, 29, 31, 34, 35, 36, 37, 38, 41, 53, 58, 108, 116, 121, 122, 131, 136, 139], "summary": {"covered_lines": 22, "num_statements": 22, "percent_covered": 100.0, "percent_covered_display": "100", "missing_lines": 0, "excluded_lines": 0, "percent_statements_covered": 100.0, "percent_statements_covered_display": "100"}, "missing_lines": [], "excluded_lines": [], "start_line": 1}}, "classes": {"_CacheEntry": {"executed_lines": [], "summary": {"covered_lines": 0, "num_statements": 0, "percent_covered": 100.0, "percent_covered_display": "100", "missing_lines": 0, "excluded_lines": 0, "percent_statements_covered": 100.0, "percent_statements_covered_display": "100"}, "missing_lines": [], "excluded_lines": [], "start_line": 35}, "MtimeFileCache": {"executed_lines": [54, 55, 56, 77, 78, 79, 81, 82, 83, 84, 85, 86, 88, 89, 90, 92, 93, 94, 95, 98, 100, 102, 103, 104, 106, 110, 111, 112, 114, 118, 119, 123, 124], "summary": {"covered_lines": 33, "num_statements": 33, "percent_covered": 100.0, "percent_covered_display": "100", "missing_lines": 0, "excluded_lines": 0, "percent_statements_covered": 100.0, "percent_statements_covered_display": "100"}, "missing_lines": [], "excluded_lines": [], "start_line": 41}, "": {"executed_lines": [23, 25, 26, 27, 28, 29, 31, 34, 35, 36, 37, 38, 41, 53, 58, 108, 116, 121, 122, 131, 132, 136, 139], "summary": {"covered_lines": 23, "num_statements": 23, "percent_covered": 100.0, "percent_covered_display": "100", "missing_lines": 0, "excluded_lines": 0, "percent_statements_covered": 100.0, "percent_statements_covered_display": "100"}, "missing_lines": [], "excluded_lines": [], "start_line": 1}}}, "src/stock_swing/utils/signal_prioritization.py": {"executed_lines": [7, 9, 10, 13, 25, 27, 28, 29, 32, 33, 34, 36, 38, 41, 98, 120, 121, 124, 125, 127, 128, 131, 132, 133, 136, 138, 139, 140, 142, 143, 144, 147, 148, 154, 155, 158, 159, 162, 163, 165, 166, 167, 170, 171, 174, 175, 176, 179, 180, 181, 182, 184, 187, 191], "summary": {"covered_lines": 54, "num_statements": 77, "percent_covered": 70.12987012987013, "percent_covered_display": "70", "missing_lines": 23, "excluded_lines": 0, "percent_statements_covered": 70.12987012987013, "percent_statements_covered_display": "70"}, "missing_lines": [30, 57, 58, 61, 62, 63, 66, 67, 68, 71, 74, 75, 76, 79, 80, 82, 85, 87, 90, 93, 95, 168, 188], "excluded_lines": [], "functions": {"calculate_sector_exposure": {"executed_lines": [25, 27, 28, 29, 32, 33, 34, 36, 38], "summary": {"covered_lines": 9, "num_statements": 10, "percent_covered": 90.0, "percent_covered_display": "90", "missing_lines": 1, "excluded_lines": 0, "percent_statements_covered": 90.0, "percent_statements_covered_display": "90"}, "missing_lines": [30], "excluded_lines": [], "start_line": 13}, "prioritize_buy_signals": {"executed_lines": [], "summary": {"covered_lines": 0, "num_statements": 13, "percent_covered": 0.0, "percent_covered_display": "0", "missing_lines": 13, "excluded_lines": 0, "percent_statements_covered": 0.0, "percent_statements_covered_display": "0"}, "missing_lines": [57, 58, 61, 62, 63, 66, 67, 68, 71, 74, 90, 93, 95], "excluded_lines": [], "start_line": 41}, "prioritize_buy_signals.score_signal": {"executed_lines": [], "summary": {"covered_lines": 0, "num_statements": 7, "percent_covered": 0.0, "percent_covered_display": "0", "missing_lines": 7, "excluded_lines": 0, "percent_statements_covered": 0.0, "percent_statements_covered_display": "0"}, "missing_lines": [75, 76, 79, 80, 82, 85, 87], "excluded_lines": [], "start_line": 74}, "prioritize_buy_signals_v2": {"executed_lines": [120, 121, 124, 125, 127, 128, 131, 132, 133, 136, 138, 139, 140, 142, 143, 144, 147, 148, 154, 155, 158, 159, 162, 163, 165, 166, 167, 170, 171, 174, 175, 176, 179, 180, 181, 182, 184, 187, 191], "summary": {"covered_lines": 39, "num_statements": 41, "percent_covered": 95.1219512195122, "percent_covered_display": "95", "missing_lines": 2, "excluded_lines": 0, "percent_statements_covered": 95.1219512195122, "percent_statements_covered_display": "95"}, "missing_lines": [168, 188], "excluded_lines": [], "start_line": 98}, "": {"executed_lines": [7, 9, 10, 13, 41, 98], "summary": {"covered_lines": 6, "num_statements": 6, "percent_covered": 100.0, "percent_covered_display": "100", "missing_lines": 0, "excluded_lines": 0, "percent_statements_covered": 100.0, "percent_statements_covered_display": "100"}, "missing_lines": [], "excluded_lines": [], "start_line": 1}}, "classes": {"": {"executed_lines": [7, 9, 10, 13, 25, 27, 28, 29, 32, 33, 34, 36, 38, 41, 98, 120, 121, 124, 125, 127, 128, 131, 132, 133, 136, 138, 139, 140, 142, 143, 144, 147, 148, 154, 155, 158, 159, 162, 163, 165, 166, 167, 170, 171, 174, 175, 176, 179, 180, 181, 182, 184, 187, 191], "summary": {"covered_lines": 54, "num_statements": 77, "percent_covered": 70.12987012987013, "percent_covered_display": "70", "missing_lines": 23, "excluded_lines": 0, "percent_statements_covered": 70.12987012987013, "percent_statements_covered_display": "70"}, "missing_lines": [30, 57, 58, 61, 62, 63, 66, 67, 68, 71, 74, 75, 76, 79, 80, 82, 85, 87, 90, 93, 95, 168, 188], "excluded_lines": [], "start_line": 1}}}, "src/stock_swing/utils/stale_price.py": {"executed_lines": [1, 3, 4, 6, 9, 14, 15, 16, 17, 19, 20, 21, 24, 31, 33, 34, 35, 37, 38, 39, 42, 43, 46, 49, 50, 51, 54, 55, 56, 64, 67, 68, 69, 70, 71, 72, 74, 77, 81, 82, 83, 84, 86, 87, 90, 91, 92, 95, 101, 102, 103, 104, 106, 107, 109, 112, 113, 115], "summary": {"covered_lines": 58, "num_statements": 68, "percent_covered": 85.29411764705883, "percent_covered_display": "85", "missing_lines": 10, "excluded_lines": 0, "percent_statements_covered": 85.29411764705883, "percent_statements_covered_display": "85"}, "missing_lines": [18, 40, 44, 45, 47, 52, 85, 88, 89, 110], "excluded_lines": [], "functions": {"get_latest_massive_close": {"executed_lines": [14, 15, 16, 17, 19, 20, 21], "summary": {"covered_lines": 7, "num_statements": 8, "percent_covered": 87.5, "percent_covered_display": "88", "missing_lines": 1, "excluded_lines": 0, "percent_statements_covered": 87.5, "percent_statements_covered_display": "88"}, "missing_lines": [18], "excluded_lines": [], "start_line": 9}, "compute_stale_price_overrides": {"executed_lines": [31, 33, 34, 35, 37, 38, 39, 42, 43, 46, 49, 50, 51, 54, 55, 56, 64, 67, 68, 69, 70, 71, 72, 74], "summary": {"covered_lines": 24, "num_statements": 29, "percent_covered": 82.75862068965517, "percent_covered_display": "83", "missing_lines": 5, "excluded_lines": 0, "percent_statements_covered": 82.75862068965517, "percent_statements_covered_display": "83"}, "missing_lines": [40, 44, 45, 47, 52], "excluded_lines": [], "start_line": 24}, "apply_price_overrides": {"executed_lines": [81, 82, 83, 84, 86, 87, 90, 91, 92], "summary": {"covered_lines": 9, "num_statements": 12, "percent_covered": 75.0, "percent_covered_display": "75", "missing_lines": 3, "excluded_lines": 0, "percent_statements_covered": 75.0, "percent_statements_covered_display": "75"}, "missing_lines": [85, 88, 89], "excluded_lines": [], "start_line": 77}, "apply_empty_override_guard": {"executed_lines": [101, 102, 103, 104, 106, 107, 109, 112, 113, 115], "summary": {"covered_lines": 10, "num_statements": 11, "percent_covered": 90.9090909090909, "percent_covered_display": "91", "missing_lines": 1, "excluded_lines": 0, "percent_statements_covered": 90.9090909090909, "percent_statements_covered_display": "91"}, "missing_lines": [110], "excluded_lines": [], "start_line": 95}, "": {"executed_lines": [1, 3, 4, 6, 9, 24, 77, 95], "summary": {"covered_lines": 8, "num_statements": 8, "percent_covered": 100.0, "percent_covered_display": "100", "missing_lines": 0, "excluded_lines": 0, "percent_statements_covered": 100.0, "percent_statements_covered_display": "100"}, "missing_lines": [], "excluded_lines": [], "start_line": 1}}, "classes": {"": {"executed_lines": [1, 3, 4, 6, 9, 14, 15, 16, 17, 19, 20, 21, 24, 31, 33, 34, 35, 37, 38, 39, 42, 43, 46, 49, 50, 51, 54, 55, 56, 64, 67, 68, 69, 70, 71, 72, 74, 77, 81, 82, 83, 84, 86, 87, 90, 91, 92, 95, 101, 102, 103, 104, 106, 107, 109, 112, 113, 115], "summary": {"covered_lines": 58, "num_statements": 68, "percent_covered": 85.29411764705883, "percent_covered_display": "85", "missing_lines": 10, "excluded_lines": 0, "percent_statements_covered": 85.29411764705883, "percent_statements_covered_display": "85"}, "missing_lines": [18, 40, 44, 45, 47, 52, 85, 88, 89, 110], "excluded_lines": [], "start_line": 1}}}, "src/stock_swing/utils/strategy_versioning.py": {"executed_lines": [1, 3, 4, 5, 7, 8, 11, 12, 14, 15, 20, 35, 36, 44, 45, 46, 47, 49, 50, 54, 57, 58, 65, 70, 71, 72, 73, 77, 82, 83], "summary": {"covered_lines": 30, "num_statements": 50, "percent_covered": 60.0, "percent_covered_display": "60", "missing_lines": 20, "excluded_lines": 0, "percent_statements_covered": 60.0, "percent_statements_covered_display": "60"}, "missing_lines": [13, 16, 17, 21, 22, 23, 24, 25, 26, 27, 28, 29, 30, 31, 32, 52, 55, 59, 60, 61], "excluded_lines": [], "functions": {"parse_dt": {"executed_lines": [12, 14, 15], "summary": {"covered_lines": 3, "num_statements": 6, "percent_covered": 50.0, "percent_covered_display": "50", "missing_lines": 3, "excluded_lines": 0, "percent_statements_covered": 50.0, "percent_statements_covered_display": "50"}, "missing_lines": [13, 16, 17], "excluded_lines": [], "start_line": 11}, "filename_dt": {"executed_lines": [], "summary": {"covered_lines": 0, "num_statements": 12, "percent_covered": 0.0, "percent_covered_display": "0", "missing_lines": 12, "excluded_lines": 0, "percent_statements_covered": 0.0, "percent_statements_covered_display": "0"}, "missing_lines": [21, 22, 23, 24, 25, 26, 27, 28, 29, 30, 31, 32], "excluded_lines": [], "start_line": 20}, "extract_decision_dt": {"executed_lines": [36], "summary": {"covered_lines": 1, "num_statements": 1, "percent_covered": 100.0, "percent_covered_display": "100", "missing_lines": 0, "excluded_lines": 0, "percent_statements_covered": 100.0, "percent_statements_covered_display": "100"}, "missing_lines": [], "excluded_lines": [], "start_line": 35}, "normalize_strategy_id": {"executed_lines": [45, 46, 47, 49, 50, 54, 57, 58], "summary": {"covered_lines": 8, "num_statements": 13, "percent_covered": 61.53846153846154, "percent_covered_display": "62", "missing_lines": 5, "excluded_lines": 0, "percent_statements_covered": 61.53846153846154, "percent_statements_covered_display": "62"}, "missing_lines": [52, 55, 59, 60, 61], "excluded_lines": [], "start_line": 44}, "resolve_strategy_version_id": {"executed_lines": [70, 71, 72, 73], "summary": {"covered_lines": 4, "num_statements": 4, "percent_covered": 100.0, "percent_covered_display": "100", "missing_lines": 0, "excluded_lines": 0, "percent_statements_covered": 100.0, "percent_statements_covered_display": "100"}, "missing_lines": [], "excluded_lines": [], "start_line": 65}, "resolve_strategy_key": {"executed_lines": [82, 83], "summary": {"covered_lines": 2, "num_statements": 2, "percent_covered": 100.0, "percent_covered_display": "100", "missing_lines": 0, "excluded_lines": 0, "percent_statements_covered": 100.0, "percent_statements_covered_display": "100"}, "missing_lines": [], "excluded_lines": [], "start_line": 77}, "": {"executed_lines": [1, 3, 4, 5, 7, 8, 11, 20, 35, 44, 65, 77], "summary": {"covered_lines": 12, "num_statements": 12, "percent_covered": 100.0, "percent_covered_display": "100", "missing_lines": 0, "excluded_lines": 0, "percent_statements_covered": 100.0, "percent_statements_covered_display": "100"}, "missing_lines": [], "excluded_lines": [], "start_line": 1}}, "classes": {"": {"executed_lines": [1, 3, 4, 5, 7, 8, 11, 12, 14, 15, 20, 35, 36, 44, 45, 46, 47, 49, 50, 54, 57, 58, 65, 70, 71, 72, 73, 77, 82, 83], "summary": {"covered_lines": 30, "num_statements": 50, "percent_covered": 60.0, "percent_covered_display": "60", "missing_lines": 20, "excluded_lines": 0, "percent_statements_covered": 60.0, "percent_statements_covered_display": "60"}, "missing_lines": [13, 16, 17, 21, 22, 23, 24, 25, 26, 27, 28, 29, 30, 31, 32, 52, 55, 59, 60, 61], "excluded_lines": [], "start_line": 1}}}, "src/stock_swing/utils/telegram_notifier.py": {"executed_lines": [], "summary": {"covered_lines": 0, "num_statements": 59, "percent_covered": 0.0, "percent_covered_display": "0", "missing_lines": 59, "excluded_lines": 0, "percent_statements_covered": 0.0, "percent_statements_covered_display": "0"}, "missing_lines": [7, 9, 10, 11, 12, 13, 14, 17, 20, 27, 28, 29, 31, 51, 52, 53, 55, 56, 63, 64, 65, 66, 67, 68, 69, 70, 71, 73, 74, 75, 76, 77, 78, 79, 80, 81, 82, 83, 84, 85, 86, 87, 88, 89, 90, 91, 92, 93, 94, 95, 97, 98, 100, 110, 112, 122, 125, 138, 139], "excluded_lines": [], "functions": {"TelegramNotifier.__init__": {"executed_lines": [], "summary": {"covered_lines": 0, "num_statements": 3, "percent_covered": 0.0, "percent_covered_display": "0", "missing_lines": 3, "excluded_lines": 0, "percent_statements_covered": 0.0, "percent_statements_covered_display": "0"}, "missing_lines": [27, 28, 29], "excluded_lines": [], "start_line": 20}, "TelegramNotifier.send_message": {"executed_lines": [], "summary": {"covered_lines": 0, "num_statements": 39, "percent_covered": 0.0, "percent_covered_display": "0", "missing_lines": 39, "excluded_lines": 0, "percent_statements_covered": 0.0, "percent_statements_covered_display": "0"}, "missing_lines": [51, 52, 53, 55, 56, 63, 64, 65, 66, 67, 68, 69, 70, 71, 73, 74, 75, 76, 77, 78, 79, 80, 81, 82, 83, 84, 85, 86, 87, 88, 89, 90, 91, 92, 93, 94, 95, 97, 98], "excluded_lines": [], "start_line": 31}, "TelegramNotifier.send_markdown": {"executed_lines": [], "summary": {"covered_lines": 0, "num_statements": 1, "percent_covered": 0.0, "percent_covered_display": "0", "missing_lines": 1, "excluded_lines": 0, "percent_statements_covered": 0.0, "percent_statements_covered_display": "0"}, "missing_lines": [110], "excluded_lines": [], "start_line": 100}, "TelegramNotifier.send_html": {"executed_lines": [], "summary": {"covered_lines": 0, "num_statements": 1, "percent_covered": 0.0, "percent_covered_display": "0", "missing_lines": 1, "excluded_lines": 0, "percent_statements_covered": 0.0, "percent_statements_covered_display": "0"}, "missing_lines": [122], "excluded_lines": [], "start_line": 112}, "send_notification": {"executed_lines": [], "summary": {"covered_lines": 0, "num_statements": 2, "percent_covered": 0.0, "percent_covered_display": "0", "missing_lines": 2, "excluded_lines": 0, "percent_statements_covered": 0.0, "percent_statements_covered_display": "0"}, "missing_lines": [138, 139], "excluded_lines": [], "start_line": 125}, "": {"executed_lines": [], "summary": {"covered_lines": 0, "num_statements": 13, "percent_covered": 0.0, "percent_covered_display": "0", "missing_lines": 13, "excluded_lines": 0, "percent_statements_covered": 0.0, "percent_statements_covered_display": "0"}, "missing_lines": [7, 9, 10, 11, 12, 13, 14, 17, 20, 31, 100, 112, 125], "excluded_lines": [], "start_line": 1}}, "classes": {"TelegramNotifier": {"executed_lines": [], "summary": {"covered_lines": 0, "num_statements": 44, "percent_covered": 0.0, "percent_covered_display": "0", "missing_lines": 44, "excluded_lines": 0, "percent_statements_covered": 0.0, "percent_statements_covered_display": "0"}, "missing_lines": [27, 28, 29, 51, 52, 53, 55, 56, 63, 64, 65, 66, 67, 68, 69, 70, 71, 73, 74, 75, 76, 77, 78, 79, 80, 81, 82, 83, 84, 85, 86, 87, 88, 89, 90, 91, 92, 93, 94, 95, 97, 98, 110, 122], "excluded_lines": [], "start_line": 17}, "": {"executed_lines": [], "summary": {"covered_lines": 0, "num_statements": 15, "percent_covered": 0.0, "percent_covered_display": "0", "missing_lines": 15, "excluded_lines": 0, "percent_statements_covered": 0.0, "percent_statements_covered_display": "0"}, "missing_lines": [7, 9, 10, 11, 12, 13, 14, 17, 20, 31, 100, 112, 125, 138, 139], "excluded_lines": [], "start_line": 1}}}}, "totals": {"covered_lines": 6669, "num_statements": 11917, "percent_covered": 55.96207099102123, "percent_covered_display": "56", "missing_lines": 5248, "excluded_lines": 14, "percent_statements_covered": 55.96207099102123, "percent_statements_covered_display": "56"}}